TN:
SF:scripts/authorship.ts
FNF:3
FNH:2
DA:24,31
DA:27,43
DA:28,41
DA:29,35
DA:30,36
DA:31,38
DA:32,31
DA:33,31
DA:34,29
DA:35,25
DA:36,27
DA:37,23
DA:38,31
DA:39,2
DA:42,46
DA:49,33
DA:50,24
DA:51,25
DA:52,23
DA:53,19
DA:54,15
DA:55,2
DA:85,87
DA:87,55
DA:89,17
DA:90,44
DA:91,32
DA:94,12
DA:95,97
DA:96,2
DA:97,28
DA:101,35
DA:102,74
DA:103,104
DA:104,12
DA:105,10
DA:106,69
DA:107,18
DA:108,12
DA:109,11
DA:110,2
DA:118,0
LF:42
LH:41
end_of_record
TN:
SF:scripts/build-runtime.mjs
FNF:7
FNH:6
DA:2,41
DA:3,47
DA:4,71
DA:5,51
DA:6,41
DA:8,70
DA:9,67
DA:11,27
DA:12,21
DA:13,111
DA:14,81
DA:15,36
DA:16,32
DA:17,117
DA:18,2
DA:19,15
DA:22,14
DA:23,77
DA:24,20
DA:25,31
DA:26,34
DA:27,70
DA:28,64
DA:29,41
DA:30,16
DA:31,4
DA:32,72
DA:35,0
DA:36,0
DA:37,0
DA:38,0
DA:39,0
DA:40,0
DA:41,0
DA:42,0
DA:43,0
DA:44,0
DA:45,0
DA:46,0
DA:47,0
DA:48,0
DA:49,0
DA:50,0
DA:51,0
DA:52,1
DA:55,82
DA:56,0
DA:57,0
DA:58,0
DA:59,0
DA:60,0
DA:61,0
DA:63,0
LF:53
LH:29
end_of_record
TN:
SF:scripts/evaluation/conditions.ts
FNF:18
FNH:16
DA:2,30
DA:3,34
DA:4,24
DA:5,64
DA:6,59
DA:7,70
DA:8,73
DA:11,86
DA:14,26
DA:15,33
DA:16,48
DA:17,109
DA:18,25
DA:19,63
DA:20,146
DA:21,4
DA:24,33
DA:25,79
DA:26,182
DA:27,11
DA:29,20
DA:30,37
DA:31,107
DA:32,94
DA:33,15
DA:34,8
DA:35,143
DA:36,24
DA:37,21
DA:38,40
DA:39,23
DA:40,0
DA:41,0
DA:42,0
DA:43,6
DA:44,63
DA:45,101
DA:46,88
DA:47,12
DA:48,234
DA:49,83
DA:50,157
DA:51,59
DA:52,106
DA:53,85
DA:54,23
DA:55,0
DA:56,0
DA:57,0
DA:58,0
DA:59,2
DA:60,215
DA:61,87
DA:63,2
DA:66,34
DA:67,111
DA:68,55
DA:69,12
DA:71,38
DA:72,157
DA:73,5
DA:74,33
DA:75,90
DA:76,33
DA:77,62
DA:78,27
DA:79,87
DA:80,149
DA:81,42
DA:82,4
DA:83,27
DA:84,26
DA:85,150
DA:86,231
DA:87,24
DA:88,42
DA:89,96
DA:90,25
DA:92,1
DA:93,1
LF:80
LH:73
end_of_record
TN:
SF:scripts/evaluation/observe-shipping.mjs
FNF:8
FNH:6
DA:2,43
DA:3,67
DA:4,42
DA:5,41
DA:6,48
DA:7,41
DA:8,26
DA:9,63
DA:10,33
DA:11,124
DA:12,31
DA:13,77
DA:14,32
DA:15,22
DA:16,46
DA:17,42
DA:19,31
DA:20,171
DA:21,303
DA:22,69
DA:23,159
DA:24,1
DA:25,0
DA:26,0
DA:27,0
DA:28,0
DA:29,0
DA:30,0
DA:31,0
DA:32,0
DA:33,0
DA:34,0
DA:35,0
DA:36,0
DA:37,0
DA:38,0
DA:39,0
DA:40,0
DA:41,0
DA:42,0
DA:43,0
DA:44,0
DA:45,0
DA:46,0
DA:47,0
DA:48,0
DA:49,0
DA:50,0
DA:51,0
DA:52,0
DA:53,0
DA:54,1
DA:56,82
DA:57,0
LF:54
LH:24
end_of_record
TN:
SF:site/scripts/collection.mjs
FNF:1
FNH:1
DA:2,87
DA:3,15
DA:4,26
LF:3
LH:3
end_of_record
TN:
SF:site/scripts/history.mjs
FNF:7
FNH:7
DA:1,41
DA:2,62
DA:3,33
DA:5,71
DA:6,99
DA:7,82
DA:10,37
DA:11,36
DA:12,13
DA:13,9
DA:14,76
DA:15,19
DA:16,39
DA:17,2
DA:19,113
DA:20,2
DA:21,49
DA:22,72
DA:23,103
DA:24,2
DA:26,23
DA:27,23
DA:28,45
DA:29,119
DA:30,68
DA:31,28
DA:32,94
DA:33,4
DA:34,61
DA:35,71
DA:36,75
DA:37,38
DA:38,2
DA:39,103
DA:40,72
DA:43,50
DA:44,46
DA:45,47
DA:46,56
DA:47,12
DA:48,64
DA:49,50
DA:50,28
DA:51,40
DA:52,38
DA:53,56
DA:54,61
DA:55,4
DA:56,1
LF:49
LH:49
end_of_record
TN:
SF:site/scripts/provenance.mjs
FNF:4
FNH:4
DA:1,41
DA:4,25
DA:5,17
DA:6,79
DA:7,65
DA:8,4
DA:9,36
DA:10,38
DA:11,54
DA:13,2
DA:14,12
DA:15,24
DA:16,28
DA:17,38
DA:18,68
DA:19,2
DA:23,17
DA:24,54
DA:25,98
DA:26,6
DA:27,4
DA:28,12
DA:29,23
DA:30,24
DA:31,56
DA:32,26
DA:33,85
DA:34,18
DA:35,84
DA:36,92
DA:37,63
DA:38,2
DA:39,35
DA:40,54
DA:41,51
DA:42,2
DA:43,18
DA:44,68
DA:45,84
DA:46,58
DA:47,2
DA:48,18
DA:49,8
DA:50,110
DA:51,2
DA:55,42
DA:56,73
DA:57,4
DA:58,38
DA:59,42
DA:60,36
DA:62,89
LF:52
LH:52
end_of_record
TN:
SF:src/agent/call-budget.ts
FNF:5
FNH:5
DA:13,60
DA:53,14
DA:54,62
DA:55,58
DA:56,77
DA:57,7
DA:58,2
DA:59,14
DA:62,6
DA:63,6
DA:66,13
DA:70,3
DA:71,98
DA:74,6
DA:75,8
DA:76,3
DA:77,63
DA:78,19
DA:79,17
DA:80,20
DA:82,11
DA:83,14
DA:84,60
DA:85,20
DA:86,12
DA:87,6
DA:88,20
DA:89,45
DA:90,15
DA:92,10
DA:93,88
DA:94,16
DA:95,29
DA:96,17
DA:97,18
DA:98,56
DA:99,15
DA:100,27
DA:101,3
DA:103,1
LF:40
LH:40
end_of_record
TN:
SF:src/agent/compaction.ts
FNF:9
FNH:9
DA:22,92
DA:31,39
DA:32,69
DA:50,11
DA:51,34
DA:54,11
DA:55,18
DA:56,64
DA:66,6
DA:67,10
DA:68,11
DA:69,3
DA:70,30
DA:73,21
DA:74,36
DA:75,43
DA:76,74
DA:77,26
DA:78,4
DA:79,2
DA:80,2
DA:82,62
DA:83,23
DA:84,24
DA:85,48
DA:86,62
DA:87,20
DA:88,12
DA:89,96
DA:90,43
DA:91,20
DA:92,23
DA:93,41
DA:94,32
DA:95,23
DA:96,33
DA:97,22
DA:98,8
DA:99,8
DA:100,6
DA:101,20
DA:102,4
DA:103,61
DA:104,27
DA:105,21
DA:106,2
DA:107,39
DA:123,6
DA:124,7
DA:125,11
DA:126,3
DA:127,58
DA:128,38
DA:129,22
DA:130,23
DA:131,5
DA:132,51
DA:133,13
DA:134,27
DA:135,4
DA:138,2
DA:139,2
DA:173,13
DA:176,3
DA:177,50
DA:178,68
DA:179,35
DA:180,48
DA:181,45
DA:182,8
DA:183,41
DA:184,5
DA:185,4
DA:186,65
DA:187,42
DA:188,85
DA:189,4
DA:190,12
DA:191,13
DA:192,23
DA:193,17
DA:194,16
DA:196,1
LF:83
LH:83
end_of_record
TN:
SF:src/agent/concurrency.ts
FNF:5
FNH:5
DA:25,55
DA:30,71
DA:40,18
DA:41,19
DA:42,41
DA:43,20
DA:44,85
DA:45,2
DA:46,13
DA:54,16
DA:55,32
DA:56,64
DA:57,37
DA:58,7
DA:59,141
DA:61,262
DA:71,16
DA:72,54
DA:73,79
DA:74,45
DA:75,1
LF:21
LH:21
end_of_record
TN:
SF:src/agent/diff.ts
FNF:6
FNH:6
DA:32,10
DA:33,21
DA:34,21
DA:37,74
DA:38,36
DA:39,38
DA:40,12
DA:41,80
DA:42,2
DA:43,2
DA:45,17
DA:46,12
DA:47,12
DA:48,27
DA:49,25
DA:50,41
DA:51,10
DA:52,8
DA:53,48
DA:54,41
DA:55,8
DA:56,13
DA:57,41
DA:58,11
DA:60,2
DA:61,18
DA:62,54
DA:63,11
DA:70,35
DA:71,35
DA:72,49
DA:73,29
DA:74,28
DA:77,13
DA:78,13
DA:79,48
DA:80,61
DA:81,26
DA:82,11
DA:83,9
DA:84,32
DA:85,9
DA:86,13
DA:87,14
DA:89,10
DA:90,4
DA:92,83
DA:93,32
DA:96,20
DA:97,51
DA:98,66
DA:99,46
DA:100,28
DA:101,36
DA:102,54
DA:103,13
DA:104,34
DA:105,41
DA:106,56
DA:108,2
DA:109,30
DA:111,17
DA:112,40
DA:113,45
DA:114,41
DA:115,2
DA:117,33
DA:118,42
DA:119,27
DA:120,17
DA:121,17
DA:122,29
DA:123,27
DA:124,15
DA:125,13
DA:126,33
DA:127,13
DA:128,15
DA:129,18
DA:131,4
DA:134,40
DA:135,40
DA:136,60
DA:137,58
DA:138,2
DA:140,19
LF:86
LH:86
end_of_record
TN:
SF:src/agent/generate.ts
FNF:3
FNH:2
DA:1,97
DA:19,54
DA:25,75
DA:32,51
DA:33,37
DA:34,68
DA:42,67
DA:53,66
DA:177,0
DA:178,0
DA:179,0
DA:180,0
DA:181,0
DA:182,0
DA:183,0
DA:184,0
DA:185,0
DA:186,0
DA:187,0
DA:188,0
DA:189,0
DA:190,0
DA:191,0
DA:192,0
DA:193,0
DA:194,0
DA:195,0
DA:196,0
DA:197,0
DA:198,0
DA:199,0
DA:200,0
DA:201,0
DA:202,0
DA:203,0
DA:204,0
DA:205,0
DA:206,0
DA:207,0
DA:208,0
DA:209,0
DA:210,0
DA:211,0
DA:212,0
DA:213,0
DA:214,0
DA:215,0
DA:216,0
DA:217,0
DA:218,0
DA:219,0
DA:220,0
DA:221,0
DA:222,0
DA:223,0
DA:224,0
DA:225,0
DA:226,0
DA:227,0
DA:228,0
DA:229,0
DA:230,0
DA:231,0
DA:232,0
DA:233,0
DA:234,1
DA:237,110
DA:249,6
DA:250,5
DA:251,3
DA:252,16
DA:253,14
DA:254,29
DA:255,36
DA:256,27
DA:257,46
DA:258,54
DA:259,91
DA:261,38
DA:262,10
DA:263,24
DA:264,30
DA:265,11
DA:266,38
DA:267,56
DA:268,23
DA:269,26
DA:270,65
DA:271,71
DA:272,80
DA:273,27
DA:274,30
DA:275,28
DA:276,31
DA:277,28
DA:278,5
DA:282,55
DA:283,91
DA:284,2
DA:288,44
DA:289,20
DA:290,40
DA:291,53
DA:295,12
DA:296,19
DA:297,22
DA:298,21
DA:299,27
DA:300,20
DA:301,29
DA:302,27
DA:303,57
DA:309,31
DA:310,19
DA:311,13
DA:312,69
DA:313,21
DA:314,58
DA:315,21
DA:316,71
DA:317,10
DA:318,30
DA:320,4
DA:325,31
DA:326,39
DA:327,21
DA:328,12
DA:329,36
DA:330,34
DA:331,60
DA:332,40
DA:333,41
DA:334,13
DA:335,31
DA:336,52
DA:337,13
DA:338,85
DA:339,4
DA:340,7
DA:341,8
DA:342,21
DA:343,25
DA:344,36
DA:345,42
DA:346,31
DA:347,27
DA:348,43
DA:349,38
DA:350,37
DA:351,33
DA:352,30
DA:353,38
DA:354,25
DA:355,23
DA:356,8
DA:357,15
DA:358,30
DA:359,45
DA:361,4
DA:362,18
DA:363,13
DA:367,87
DA:372,82
DA:373,43
DA:374,0
DA:375,0
DA:376,0
DA:377,8
DA:378,25
DA:379,36
DA:382,81
DA:383,22
DA:384,81
DA:385,27
DA:386,43
DA:387,38
DA:388,37
DA:389,34
DA:390,30
DA:391,45
DA:392,46
DA:393,25
DA:394,24
DA:395,78
DA:396,8
DA:397,0
DA:398,0
DA:399,0
DA:400,0
DA:401,0
DA:402,0
DA:403,0
DA:404,0
DA:405,0
DA:406,0
DA:407,0
DA:408,0
DA:409,0
DA:410,0
DA:411,0
DA:412,0
DA:413,0
DA:414,0
DA:415,0
DA:416,0
DA:417,0
DA:418,0
DA:419,0
DA:420,4
DA:422,2
DA:423,2
DA:425,66
DA:426,24
DA:427,14
DA:428,28
DA:429,117
DA:430,84
DA:431,3
DA:432,2
DA:434,12
DA:435,21
DA:436,20
DA:437,48
DA:438,22
DA:439,13
DA:440,31
DA:441,26
DA:442,43
DA:443,28
DA:444,25
DA:445,24
DA:446,23
DA:447,55
DA:448,71
DA:449,27
DA:450,50
DA:451,47
DA:452,59
DA:453,57
DA:454,43
DA:455,35
DA:456,35
DA:457,2
DA:458,9
DA:459,35
DA:460,2
DA:461,9
DA:462,72
DA:463,71
DA:464,49
DA:465,1
LF:251
LH:168
end_of_record
TN:
SF:src/agent/grade-refine.ts
FNF:9
FNH:9
DA:16,45
DA:20,48
DA:21,54
DA:28,39
DA:32,43
DA:34,46
DA:37,16
DA:38,40
DA:39,40
DA:60,12
DA:61,93
DA:62,54
DA:66,8
DA:67,9
DA:68,50
DA:69,27
DA:70,60
DA:71,38
DA:72,9
DA:73,0
DA:74,0
DA:75,6
DA:76,54
DA:77,37
DA:78,51
DA:79,15
DA:80,26
DA:81,4
DA:82,18
DA:83,0
DA:84,1
DA:94,6
DA:95,6
DA:96,7
DA:101,3
DA:102,3
DA:103,9
DA:104,71
DA:105,44
DA:106,15
DA:107,35
DA:108,59
DA:109,47
DA:112,21
DA:113,80
DA:114,73
DA:115,17
DA:116,14
DA:117,19
DA:118,65
DA:119,43
DA:120,2
DA:145,18
DA:146,45
DA:147,32
DA:148,29
DA:149,79
DA:150,27
DA:151,67
DA:152,94
DA:153,12
DA:154,2
DA:155,12
DA:173,15
DA:174,26
DA:175,27
DA:176,19
DA:177,84
DA:178,143
DA:179,22
DA:180,4
DA:181,28
DA:182,11
DA:183,86
DA:184,52
DA:185,4
DA:186,2
DA:187,37
DA:188,71
DA:189,2
DA:190,11
DA:191,77
DA:192,191
DA:195,68
DA:196,103
DA:197,4
DA:198,21
LF:87
LH:84
end_of_record
TN:
SF:src/agent/hooks.ts
FNF:12
FNH:11
DA:14,206
DA:42,46
DA:43,32
DA:44,34
DA:45,50
DA:46,48
DA:47,3
DA:84,1
DA:95,13
DA:96,72
DA:97,78
DA:98,150
DA:99,130
DA:100,138
DA:101,10
DA:103,30
DA:104,64
DA:105,11
DA:106,26
DA:107,14
DA:113,32
DA:114,137
DA:115,92
DA:116,153
DA:117,12
DA:118,129
DA:119,113
DA:120,12
DA:126,147
DA:127,159
DA:128,54
DA:129,238
DA:130,82
DA:131,19
DA:132,13
DA:133,75
DA:134,122
DA:135,76
DA:136,97
DA:137,107
DA:138,17
DA:139,22
DA:140,57
DA:141,58
DA:142,92
DA:143,82
DA:144,21
DA:145,13
DA:146,13
DA:147,201
DA:148,54
DA:149,120
DA:150,40
DA:151,180
DA:152,114
DA:153,82
DA:154,19
DA:155,13
DA:158,41
DA:159,12
DA:160,110
DA:161,39
DA:165,25
DA:166,43
DA:170,25
DA:171,55
DA:175,22
DA:176,79
DA:177,26
DA:178,26
DA:179,16
DA:182,9
DA:183,46
DA:190,43
DA:191,54
DA:192,70
DA:193,50
DA:194,81
DA:195,66
DA:196,79
DA:197,98
DA:198,44
DA:199,9
DA:200,9
DA:201,80
DA:205,27
DA:206,28
DA:207,74
DA:208,54
DA:209,97
DA:210,8
DA:212,2
LF:92
LH:92
end_of_record
TN:
SF:src/agent/providers.ts
FNF:12
FNH:11
DA:13,64
DA:14,70
DA:15,64
DA:16,64
DA:17,66
DA:18,65
DA:19,63
DA:22,51
DA:23,67
DA:33,90
DA:44,39
DA:61,6
DA:62,10
DA:63,11
DA:64,3
DA:65,69
DA:66,19
DA:67,66
DA:68,27
DA:69,11
DA:70,38
DA:71,57
DA:72,56
DA:73,67
DA:76,37
DA:77,51
DA:78,2
DA:79,44
DA:80,97
DA:81,42
DA:82,47
DA:83,5
DA:84,44
DA:85,21
DA:86,30
DA:87,17
DA:88,44
DA:89,5
DA:90,20
DA:91,2
DA:92,18
DA:132,15
DA:133,100
DA:134,33
DA:135,38
DA:136,56
DA:137,69
DA:138,61
DA:139,2
DA:140,4
DA:141,36
DA:142,28
DA:143,16
DA:144,58
DA:145,3
DA:208,27
DA:209,27
DA:210,43
DA:213,56
DA:215,10
DA:216,7
DA:217,15
DA:218,31
DA:219,36
DA:220,26
DA:231,11
DA:236,75
DA:247,1
DA:248,10
DA:249,3
DA:250,64
DA:251,44
DA:252,55
DA:253,71
DA:254,6
DA:257,1
DA:258,7
DA:259,10
DA:260,3
DA:261,54
DA:262,54
DA:263,14
DA:264,25
DA:265,5
DA:266,34
DA:267,41
DA:268,11
DA:269,29
DA:270,51
DA:274,55
DA:275,14
DA:276,98
DA:277,46
DA:278,1
DA:279,2
DA:280,50
DA:281,34
DA:282,81
DA:293,26
DA:294,35
DA:295,32
DA:296,20
DA:297,75
DA:298,35
DA:299,31
DA:300,51
DA:301,47
DA:302,52
DA:303,51
DA:304,2
DA:305,5
DA:306,15
DA:307,32
DA:308,20
DA:309,31
DA:310,51
DA:311,41
DA:312,7
DA:313,17
DA:318,70
DA:319,33
DA:320,64
DA:321,61
DA:322,8
DA:323,32
DA:324,28
DA:325,63
DA:326,71
DA:327,2
DA:328,5
DA:329,16
DA:330,33
DA:331,28
DA:332,74
DA:333,41
DA:334,7
DA:335,15
DA:336,38
DA:337,12
DA:338,0
DA:339,0
DA:340,0
DA:341,6
DA:342,32
DA:343,28
DA:344,15
DA:345,59
DA:346,19
DA:347,76
DA:348,34
DA:349,13
DA:350,41
DA:351,2
DA:352,5
DA:353,21
DA:360,77
DA:361,36
DA:362,31
DA:363,51
DA:364,47
DA:365,36
DA:369,38
DA:372,58
DA:379,67
DA:380,2
DA:381,0
DA:382,0
DA:383,0
DA:384,0
DA:385,1
DA:413,16
DA:414,72
DA:425,22
DA:426,65
DA:427,76
DA:448,18
DA:449,28
DA:450,32
DA:451,19
DA:452,38
DA:453,37
DA:454,4
DA:455,26
DA:456,23
DA:457,23
DA:458,24
DA:459,27
DA:460,18
DA:461,7
DA:462,40
DA:463,0
DA:464,2
DA:466,70
DA:467,60
DA:468,42
DA:469,75
DA:470,42
DA:472,44
DA:487,0
DA:488,0
DA:489,0
DA:490,0
DA:491,0
DA:492,0
DA:493,0
DA:494,0
DA:495,0
DA:496,0
DA:497,0
LF:209
LH:190
end_of_record
TN:
SF:src/agent/run.ts
FNF:5
FNH:4
DA:18,69
DA:26,72
DA:28,244
DA:43,65
DA:49,37
DA:50,43
DA:51,93
DA:58,88
DA:63,57
DA:64,51
DA:65,110
DA:79,46
DA:92,0
DA:93,0
DA:94,0
DA:95,0
DA:96,0
DA:231,13
DA:232,18
DA:233,19
DA:234,41
DA:235,38
DA:236,27
DA:237,50
DA:238,2
DA:239,2
DA:240,39
DA:241,29
DA:248,14
DA:255,60
DA:256,29
DA:257,75
DA:258,56
DA:259,37
DA:260,14
DA:261,10
DA:262,22
DA:263,32
DA:264,23
DA:265,4
DA:266,55
DA:267,75
DA:268,36
DA:269,33
DA:270,24
DA:271,31
DA:272,28
DA:273,4
DA:276,17
DA:277,84
DA:278,18
DA:279,33
DA:280,36
DA:283,15
DA:284,9
DA:285,30
DA:286,9
DA:287,62
DA:288,31
DA:289,6
DA:290,45
DA:292,23
DA:293,21
DA:294,29
DA:295,0
DA:296,0
DA:300,0
DA:301,0
DA:302,0
DA:303,0
DA:304,0
DA:305,0
DA:308,0
DA:309,13
DA:310,50
DA:311,32
DA:312,54
DA:313,11
DA:319,29
DA:320,18
DA:321,23
DA:322,28
DA:323,2
DA:324,29
DA:325,0
DA:326,0
DA:327,6
DA:328,49
DA:329,4
DA:331,31
DA:332,24
DA:338,67
DA:339,25
DA:340,26
DA:341,40
DA:342,7
DA:343,26
DA:348,36
DA:350,57
DA:355,59
DA:356,40
DA:357,4
DA:360,19
DA:361,24
DA:362,17
DA:363,0
DA:364,0
DA:366,0
DA:367,0
DA:368,477
DA:374,4
DA:380,75
DA:381,0
DA:382,0
DA:383,0
DA:384,2
DA:389,6
DA:391,19
DA:392,23
DA:393,25
DA:394,18
DA:395,35
DA:396,23
DA:397,58
DA:398,25
DA:399,67
DA:400,34
DA:401,26
DA:402,6
DA:403,17
DA:404,0
DA:405,0
DA:406,0
DA:407,2
DA:409,5
DA:410,23
DA:411,15
DA:415,36
DA:416,0
DA:417,0
DA:418,0
DA:419,0
DA:420,0
DA:421,0
DA:422,2
DA:423,14
DA:425,50
DA:426,76
DA:431,26
DA:432,44
DA:437,30
DA:438,37
DA:439,0
DA:440,0
DA:441,4
DA:442,55
DA:443,19
DA:445,23
DA:446,31
DA:451,38
DA:452,29
DA:453,25
DA:454,77
DA:455,16
DA:456,34
DA:457,60
DA:458,15
DA:459,26
DA:460,48
DA:463,35
DA:464,2
DA:465,10
DA:466,18
DA:467,41
DA:468,36
DA:469,56
DA:470,32
DA:471,137
DA:472,1
DA:473,6
DA:474,20
DA:475,20
DA:476,58
DA:477,0
DA:478,0
DA:479,0
DA:480,0
DA:481,0
DA:482,0
DA:483,0
DA:484,0
DA:485,50
DA:491,0
DA:492,0
DA:493,0
DA:494,0
DA:495,0
DA:496,0
DA:497,0
DA:498,0
DA:499,0
DA:500,0
DA:501,0
DA:502,0
DA:503,0
DA:504,0
DA:505,0
DA:506,0
DA:507,0
DA:508,0
DA:509,0
DA:510,0
DA:513,0
DA:514,0
DA:515,0
DA:516,0
DA:517,0
DA:518,0
DA:519,0
DA:520,0
DA:521,0
DA:522,0
DA:523,0
DA:524,0
DA:525,0
DA:526,0
DA:527,0
DA:528,0
DA:529,0
DA:530,0
DA:531,0
DA:532,0
DA:533,0
DA:534,0
DA:535,0
DA:536,0
DA:537,0
DA:538,0
DA:539,0
DA:540,0
DA:543,0
DA:544,0
DA:545,5
DA:547,44
DA:552,56
DA:553,63
DA:554,13
DA:555,40
DA:556,83
DA:557,13
DA:558,17
DA:559,20
DA:560,37
DA:561,32
DA:562,52
DA:563,31
DA:564,31
DA:565,41
DA:566,19
DA:567,22
DA:568,78
DA:569,9
DA:570,53
DA:571,1
DA:572,0
DA:573,0
DA:574,0
DA:575,0
DA:576,0
DA:577,0
DA:578,0
DA:579,0
DA:580,0
DA:581,0
DA:582,0
DA:583,0
DA:592,0
DA:593,0
DA:594,0
DA:595,0
DA:596,0
DA:597,0
DA:598,0
DA:599,0
DA:600,0
DA:601,0
DA:602,0
DA:603,0
DA:604,0
DA:605,0
DA:606,0
DA:607,0
DA:608,0
DA:609,9
DA:610,5
DA:611,19
LF:296
LH:175
end_of_record
TN:
SF:src/agent/split-tool-result-images.ts
FNF:6
FNH:6
DA:35,12
DA:36,23
DA:37,34
DA:38,35
DA:39,30
DA:40,8
DA:41,4
DA:42,22
DA:43,56
DA:44,90
DA:45,58
DA:46,55
DA:47,23
DA:48,23
DA:49,23
DA:50,36
DA:51,23
DA:52,11
DA:53,12
DA:54,8
DA:55,64
DA:56,6
DA:57,57
DA:58,78
DA:59,2
DA:60,17
DA:68,16
DA:69,50
DA:70,28
DA:71,32
DA:72,33
DA:73,19
DA:74,66
DA:75,6
DA:76,56
DA:77,45
DA:79,2
LF:37
LH:37
end_of_record
TN:
SF:src/agent/stream-start.ts
FNF:6
FNH:6
DA:33,16
DA:34,50
DA:35,28
DA:36,32
DA:37,33
DA:38,29
DA:39,53
DA:40,31
DA:41,46
DA:42,29
DA:43,62
DA:44,66
DA:45,30
DA:46,44
DA:48,22
DA:49,103
DA:51,13
DA:52,63
DA:54,6
DA:55,56
DA:56,45
DA:58,2
LF:22
LH:22
end_of_record
TN:
SF:src/agent/surface.ts
FNF:2
FNH:2
DA:12,83
DA:55,14
DA:56,23
DA:57,73
DA:66,6
DA:67,9
DA:68,6
DA:69,7
DA:70,3
DA:71,31
DA:72,47
DA:73,53
DA:74,46
DA:75,2
DA:76,9
DA:77,71
DA:78,40
DA:79,51
DA:80,9
DA:81,31
DA:82,61
DA:83,9
DA:84,32
DA:85,63
DA:86,9
DA:87,74
DA:88,92
DA:89,89
DA:90,31
DA:91,28
DA:92,4
DA:93,31
DA:94,38
DA:95,60
DA:96,33
DA:97,31
DA:98,18
DA:99,2
DA:100,2
DA:101,76
DA:102,17
DA:103,23
DA:104,32
DA:105,28
DA:106,16
DA:107,4
DA:108,41
LF:47
LH:47
end_of_record
TN:
SF:src/agent/tools.ts
FNF:42
FNH:32
DA:20,66
DA:21,24
DA:23,69
DA:25,218
DA:38,51
DA:48,31
DA:49,8
DA:50,9
DA:51,9
DA:52,150
DA:54,2
DA:55,2
DA:67,29
DA:68,66
DA:69,37
DA:70,0
DA:71,0
DA:74,1
DA:75,5
DA:76,6
DA:77,6
DA:78,8
DA:79,3
DA:80,9
DA:81,57
DA:82,25
DA:83,11
DA:84,14
DA:85,29
DA:86,30
DA:87,56
DA:88,5
DA:89,7
DA:90,14
DA:91,23
DA:92,60
DA:93,6
DA:94,2
DA:95,11
DA:96,14
DA:97,23
DA:98,45
DA:99,20
DA:100,38
DA:101,8
DA:102,6
DA:103,1
DA:107,1
DA:108,5
DA:109,8
DA:110,14
DA:111,3
DA:112,41
DA:113,10
DA:114,0
DA:115,0
DA:116,0
DA:117,0
DA:118,0
DA:119,0
DA:120,0
DA:121,2
DA:122,36
DA:123,15
DA:124,41
DA:125,65
DA:126,4
DA:127,14
DA:128,70
DA:129,39
DA:130,1
DA:131,2
DA:132,13
DA:138,1
DA:139,9
DA:140,5
DA:141,14
DA:142,3
DA:143,17
DA:144,19
DA:145,91
DA:146,54
DA:147,0
DA:148,0
DA:149,0
DA:150,0
DA:151,0
DA:152,2
DA:154,2
DA:157,23
DA:158,17
DA:159,19
DA:160,33
DA:161,33
DA:162,73
DA:163,3
DA:173,29
DA:174,28
DA:175,12
DA:176,82
DA:177,4
DA:178,66
DA:179,30
DA:180,4
DA:183,98
DA:184,29
DA:185,32
DA:186,13
DA:187,220
DA:190,29
DA:191,0
DA:192,0
DA:193,2
DA:195,5
DA:196,49
DA:215,49
DA:217,46
DA:219,17
DA:225,31
DA:227,29
DA:228,13
DA:229,9
DA:230,9
DA:231,149
DA:233,4
DA:234,86
DA:235,14
DA:236,10
DA:237,11
DA:238,89
DA:239,3
DA:241,35
DA:242,8
DA:243,9
DA:244,11
DA:245,93
DA:246,3
DA:248,35
DA:249,8
DA:250,9
DA:251,11
DA:252,9
DA:253,165
DA:255,2
DA:256,3
DA:266,6
DA:267,6
DA:268,3
DA:269,52
DA:270,33
DA:271,28
DA:272,9
DA:273,79
DA:274,4
DA:275,55
DA:276,69
DA:278,27
DA:279,52
DA:280,18
DA:281,13
DA:283,44
DA:284,40
DA:285,48
DA:287,69
DA:289,27
DA:290,22
DA:291,13
DA:292,181
DA:294,27
DA:295,11
DA:296,5
DA:298,27
DA:299,22
DA:300,13
DA:301,366
DA:305,27
DA:306,0
DA:307,0
DA:308,0
DA:309,2
DA:311,5
DA:313,31
DA:314,26
DA:315,96
DA:316,33
DA:317,0
DA:318,0
DA:319,0
DA:320,2
DA:321,5
DA:323,29
DA:324,24
DA:325,92
DA:326,33
DA:327,0
DA:328,0
DA:329,0
DA:330,2
DA:331,5
DA:333,33
DA:334,28
DA:335,100
DA:336,33
DA:337,19
DA:338,17
DA:339,15
DA:340,62
DA:341,4
DA:342,3
DA:343,5
DA:347,69
DA:349,29
DA:350,32
DA:351,13
DA:352,257
DA:355,33
DA:356,0
DA:357,0
DA:358,0
DA:359,0
DA:360,0
DA:361,0
DA:362,0
DA:363,0
DA:364,2
DA:366,5
DA:368,12
DA:369,13
DA:370,13
DA:371,13
DA:372,17
DA:373,15
DA:374,19
DA:375,18
DA:376,12
DA:377,2
DA:442,42
DA:460,30
DA:461,8
DA:462,9
DA:463,90
DA:464,3
DA:473,6
DA:474,6
DA:485,3
DA:486,87
DA:487,58
DA:488,33
DA:489,28
DA:490,9
DA:491,79
DA:492,4
DA:494,55
DA:495,69
DA:496,22
DA:497,63
DA:498,69
DA:499,61
DA:505,27
DA:506,47
DA:512,42
DA:513,35
DA:514,39
DA:515,35
DA:518,28
DA:519,23
DA:520,13
DA:521,107
DA:522,195
DA:524,106
DA:525,70
DA:526,28
DA:527,26
DA:528,34
DA:529,51
DA:530,4
DA:531,29
DA:532,15
DA:533,27
DA:534,60
DA:535,9
DA:536,18
DA:537,20
DA:538,108
DA:539,131
DA:540,1
DA:541,6
DA:542,39
DA:543,25
DA:544,38
DA:545,79
DA:546,8
DA:547,32
DA:548,6
DA:549,35
DA:550,54
DA:552,5
DA:554,27
DA:555,22
DA:556,13
DA:557,184
DA:559,27
DA:560,29
DA:561,5
DA:563,27
DA:564,22
DA:565,13
DA:566,494
DA:572,27
DA:573,26
DA:574,23
DA:575,5
DA:576,8
DA:577,18
DA:578,34
DA:579,37
DA:580,51
DA:581,6
DA:583,21
DA:584,60
DA:585,6
DA:586,24
DA:588,5
DA:590,29
DA:591,24
DA:592,145
DA:593,40
DA:594,26
DA:595,22
DA:596,46
DA:597,29
DA:598,56
DA:599,9
DA:600,27
DA:601,25
DA:604,34
DA:605,45
DA:606,38
DA:607,36
DA:608,6
DA:612,30
DA:613,22
DA:614,35
DA:615,17
DA:616,32
DA:617,32
DA:618,40
DA:619,43
DA:620,13
DA:621,8
DA:624,6
DA:625,6
DA:626,53
DA:628,5
DA:632,55
DA:633,30
DA:634,25
DA:635,105
DA:636,36
DA:637,26
DA:638,45
DA:639,14
DA:640,23
DA:641,9
DA:642,49
DA:644,5
DA:648,69
DA:652,31
DA:653,31
DA:654,99
DA:655,62
DA:656,26
DA:657,46
DA:658,14
DA:659,23
DA:660,9
DA:661,50
DA:663,5
DA:665,31
DA:666,26
DA:667,13
DA:668,103
DA:669,105
DA:670,54
DA:671,27
DA:672,22
DA:673,75
DA:674,18
DA:675,20
DA:676,26
DA:677,7
DA:678,149
DA:679,1
DA:680,6
DA:681,35
DA:682,33
DA:683,16
DA:684,17
DA:685,23
DA:686,34
DA:687,32
DA:688,3
DA:690,5
DA:692,12
DA:693,14
DA:694,13
DA:695,13
DA:696,15
DA:697,16
DA:698,18
DA:699,17
DA:700,14
DA:701,1
LF:413
LH:380
end_of_record
TN:
SF:src/agent/view-render-timeout.ts
FNF:3
FNH:3
DA:2,50
DA:3,75
DA:42,75
DA:44,21
DA:45,44
DA:46,49
DA:47,42
DA:48,16
DA:50,27
DA:51,1
DA:54,11
DA:55,58
DA:56,42
DA:57,44
DA:58,48
DA:67,16
DA:68,68
DA:69,90
DA:71,34
DA:72,34
DA:73,31
DA:74,11
DA:75,43
DA:76,13
DA:77,30
DA:78,35
DA:80,2
DA:82,95
DA:83,77
DA:84,66
DA:85,26
DA:86,11
DA:87,43
DA:88,35
DA:89,21
DA:90,14
DA:91,19
DA:92,85
DA:93,61
DA:94,5
DA:96,27
DA:97,48
DA:98,11
DA:99,74
DA:100,0
DA:101,2
DA:103,2
DA:105,91
DA:106,51
DA:107,61
DA:108,2
DA:109,42
LF:52
LH:51
end_of_record
TN:
SF:src/architecture.ts
FNF:39
FNH:38
DA:2,31
DA:4,91
DA:158,26
DA:159,25
DA:161,17
DA:162,101
DA:163,12
DA:166,17
DA:167,46
DA:168,12
DA:171,1
DA:172,7
DA:173,20
DA:174,13
DA:175,3
DA:176,52
DA:179,18
DA:180,43
DA:183,20
DA:184,68
DA:187,1
DA:188,9
DA:189,6
DA:190,14
DA:191,3
DA:192,37
DA:193,58
DA:194,36
DA:195,78
DA:196,0
DA:197,2
DA:198,2
DA:199,50
DA:200,72
DA:201,71
DA:202,59
DA:203,84
DA:204,82
DA:205,2
DA:206,58
DA:221,13
DA:222,49
DA:223,49
DA:224,45
DA:225,68
DA:226,69
DA:227,55
DA:228,74
DA:229,12
DA:230,10
DA:231,10
DA:232,14
DA:233,13
DA:234,17
DA:235,10
DA:236,23
DA:237,55
DA:238,1
DA:241,1
DA:242,10
DA:243,9
DA:244,10
DA:245,3
DA:246,51
DA:247,80
DA:248,52
DA:249,53
DA:250,64
DA:251,20
DA:252,81
DA:253,17
DA:254,27
DA:255,74
DA:256,74
DA:257,16
DA:258,27
DA:259,35
DA:260,36
DA:261,61
DA:262,79
DA:263,48
DA:265,24
DA:266,44
DA:267,60
DA:269,27
DA:270,42
DA:271,23
DA:272,50
DA:274,12
DA:275,9
DA:276,33
DA:277,13
DA:278,15
DA:279,10
DA:280,18
DA:282,10
DA:283,48
DA:285,10
DA:286,48
DA:288,10
DA:289,48
DA:291,10
DA:292,36
DA:294,10
DA:295,35
DA:297,10
DA:298,49
DA:300,10
DA:301,49
DA:303,84
DA:304,1
DA:307,1
DA:308,6
DA:309,10
DA:310,9
DA:311,8
DA:312,3
DA:313,34
DA:314,19
DA:315,32
DA:316,24
DA:317,6
DA:318,13
DA:319,54
DA:320,60
DA:321,1
DA:322,4
DA:324,76
DA:325,33
DA:326,39
DA:327,28
DA:328,19
DA:329,24
DA:330,6
DA:331,52
DA:332,44
DA:333,51
DA:334,3
DA:335,24
DA:336,28
DA:337,6
DA:338,66
DA:339,20
DA:340,27
DA:341,26
DA:342,14
DA:343,13
DA:344,26
DA:345,14
DA:346,15
DA:347,24
DA:348,6
DA:349,13
DA:350,62
DA:351,7
DA:352,13
DA:353,15
DA:354,13
DA:355,26
DA:356,9
DA:357,48
DA:359,8
DA:360,47
DA:361,62
DA:362,3
DA:363,7
DA:364,92
DA:365,9
DA:366,20
DA:367,79
DA:368,28
DA:369,8
DA:370,9
DA:371,19
DA:372,78
DA:373,28
DA:374,5
DA:375,1
DA:376,1
DA:377,6
DA:378,19
DA:379,14
DA:381,62
DA:382,12
DA:383,9
DA:384,11
DA:385,32
DA:386,23
DA:387,36
DA:388,2
DA:392,6
DA:393,6
DA:394,10
DA:395,9
DA:396,3
DA:397,78
DA:401,6
DA:402,6
DA:403,10
DA:404,9
DA:405,3
DA:406,45
DA:407,68
DA:408,18
DA:409,58
DA:410,39
DA:411,52
DA:412,58
DA:413,40
DA:414,25
DA:415,25
DA:416,14
DA:417,13
DA:418,33
DA:419,47
DA:420,5
DA:422,26
DA:423,20
DA:424,38
DA:425,57
DA:428,1
DA:429,9
DA:430,6
DA:431,6
DA:432,3
DA:433,24
DA:434,50
DA:435,51
DA:436,46
DA:437,53
DA:438,7
DA:439,97
DA:444,6
DA:445,6
DA:446,10
DA:447,9
DA:448,3
DA:449,46
DA:450,46
DA:451,69
DA:452,45
DA:453,42
DA:454,24
DA:455,32
DA:456,25
DA:457,24
DA:458,24
DA:459,20
DA:461,66
DA:462,19
DA:463,32
DA:464,35
DA:465,52
DA:466,52
DA:467,5
DA:468,38
DA:469,51
DA:470,90
DA:471,52
DA:472,53
DA:473,34
DA:474,40
DA:475,32
DA:476,30
DA:477,27
DA:478,28
DA:479,31
DA:480,21
DA:481,25
DA:482,2
DA:484,55
DA:485,21
DA:486,24
DA:487,10
DA:488,5
DA:489,43
DA:490,57
DA:491,34
DA:492,50
DA:493,29
DA:494,24
DA:495,6
DA:496,13
DA:497,24
DA:498,5
DA:499,55
DA:500,55
DA:501,13
DA:502,15
DA:503,19
DA:504,21
DA:505,14
DA:506,13
DA:507,21
DA:508,14
DA:509,11
DA:510,5
DA:511,60
DA:512,3
DA:513,5
DA:514,67
DA:515,7
DA:516,17
DA:517,64
DA:518,26
DA:519,3
DA:520,1
DA:521,1
DA:522,4
DA:523,55
DA:524,38
DA:525,63
DA:526,20
DA:527,34
DA:528,37
DA:529,22
DA:530,5
DA:531,17
DA:532,35
DA:533,16
DA:534,30
DA:535,5
DA:536,24
DA:537,8
DA:538,13
DA:539,54
DA:540,49
DA:541,1
DA:542,6
DA:543,21
DA:544,13
DA:545,4
DA:546,48
DA:547,44
DA:550,10
DA:551,52
DA:554,10
DA:555,80
DA:558,1
DA:559,6
DA:560,6
DA:561,10
DA:562,8
DA:563,8
DA:564,11
DA:565,10
DA:566,3
DA:567,33
DA:568,34
DA:569,37
DA:570,40
DA:571,24
DA:572,6
DA:573,13
DA:574,18
DA:575,5
DA:576,56
DA:577,56
DA:578,38
DA:579,1
DA:580,1
DA:581,4
DA:583,24
DA:584,32
DA:585,12
DA:586,63
DA:587,33
DA:588,32
DA:589,89
DA:590,92
DA:591,40
DA:592,62
DA:593,3
DA:594,8
DA:595,25
DA:596,2
DA:598,46
DA:599,54
DA:600,17
DA:601,14
DA:602,52
DA:603,54
DA:604,52
DA:605,49
DA:606,18
DA:607,32
DA:608,14
DA:609,30
DA:610,5
DA:611,20
DA:613,21
DA:614,28
DA:615,68
DA:616,10
DA:617,52
DA:618,53
DA:619,46
DA:620,69
DA:621,4
DA:622,48
DA:623,49
DA:624,46
DA:625,30
DA:626,38
DA:627,50
DA:628,20
DA:629,18
DA:630,35
DA:631,28
DA:632,5
DA:633,17
DA:634,30
DA:635,16
DA:636,27
DA:637,5
DA:638,24
DA:639,8
DA:640,13
DA:641,37
DA:642,7
DA:643,48
DA:644,13
DA:645,42
DA:646,14
DA:647,5
DA:648,3
DA:649,69
DA:650,1
DA:651,6
DA:652,21
DA:653,25
DA:655,35
DA:659,6
DA:660,6
DA:661,11
DA:662,9
DA:663,3
DA:664,49
DA:665,49
DA:666,71
DA:667,81
DA:668,83
DA:669,45
DA:670,48
DA:671,46
DA:672,22
DA:673,72
DA:674,34
DA:675,19
DA:676,48
DA:677,24
DA:678,6
DA:679,13
DA:680,30
DA:681,78
DA:682,1
DA:683,4
DA:685,23
DA:686,58
DA:687,58
DA:688,58
DA:689,55
DA:690,4
DA:691,19
DA:692,28
DA:693,59
DA:694,30
DA:695,6
DA:696,6
DA:697,16
DA:698,24
DA:699,12
DA:700,15
DA:701,54
DA:702,6
DA:703,57
DA:704,25
DA:705,29
DA:706,41
DA:707,2
DA:708,29
DA:709,53
DA:710,33
DA:711,4
DA:712,36
DA:713,41
DA:714,24
DA:715,7
DA:716,13
DA:717,11
DA:718,91
DA:719,1
DA:720,4
DA:721,18
DA:723,61
DA:724,12
DA:725,10
DA:726,10
DA:727,14
DA:728,14
DA:729,5
DA:730,36
DA:731,18
DA:732,20
DA:733,60
DA:734,48
DA:735,53
DA:736,88
DA:737,11
DA:738,22
DA:739,31
DA:740,16
DA:741,23
DA:742,48
DA:743,21
DA:744,7
DA:745,88
DA:746,11
DA:747,22
DA:748,31
DA:749,16
DA:750,23
DA:751,48
DA:752,21
DA:753,7
DA:754,37
DA:755,30
DA:756,33
DA:757,3
DA:758,32
DA:759,5
DA:760,30
DA:761,34
DA:762,3
DA:763,33
DA:764,5
DA:765,50
DA:766,72
DA:767,2
DA:768,70
DA:772,6
DA:773,6
DA:774,10
DA:775,9
DA:776,3
DA:777,57
DA:778,34
DA:779,19
DA:780,19
DA:781,24
DA:782,6
DA:783,13
DA:784,34
DA:785,64
DA:786,1
DA:787,4
DA:788,38
DA:789,91
DA:790,70
DA:791,51
DA:792,52
DA:793,19
DA:795,35
DA:796,100
DA:797,32
DA:798,35
DA:799,20
DA:800,28
DA:801,25
DA:802,42
DA:803,21
DA:804,4
DA:805,43
DA:806,71
DA:807,73
DA:808,62
DA:809,62
DA:810,42
DA:811,58
DA:812,56
DA:813,54
DA:814,67
DA:815,54
DA:816,24
DA:817,36
DA:818,19
DA:819,14
DA:820,74
DA:821,8
DA:822,4
DA:823,2
DA:824,11
DA:825,97
DA:826,63
DA:827,56
DA:828,35
DA:829,20
DA:830,14
DA:831,25
DA:832,48
DA:833,21
DA:834,7
DA:837,45
DA:838,28
DA:839,59
DA:840,8
DA:841,6
DA:842,44
DA:843,93
DA:844,59
DA:845,19
DA:846,11
DA:847,4
DA:848,22
LF:614
LH:613
end_of_record
TN:
SF:src/arena/adaptive.ts
FNF:4
FNH:4
DA:15,50
DA:41,6
DA:42,7
DA:43,7
DA:44,14
DA:45,3
DA:46,55
DA:47,59
DA:48,51
DA:50,41
DA:51,35
DA:54,29
DA:55,27
DA:56,43
DA:57,54
DA:58,2
DA:61,46
DA:62,23
DA:63,51
DA:66,20
DA:67,32
DA:68,84
DA:69,2
DA:70,29
DA:71,28
DA:72,79
DA:73,19
DA:75,49
DA:78,23
DA:79,24
DA:80,32
DA:81,52
DA:82,50
DA:83,2
DA:84,47
DA:85,46
DA:87,18
DA:88,25
DA:91,40
DA:92,46
DA:93,23
DA:94,23
DA:95,54
DA:98,89
DA:100,68
DA:102,24
DA:103,91
DA:106,41
DA:107,36
DA:108,22
DA:109,4
DA:110,2
DA:111,2
DA:113,11
DA:117,10
DA:118,25
LF:56
LH:56
end_of_record
TN:
SF:src/arena/bradley-terry.ts
FNF:7
FNH:7
DA:64,34
DA:70,6
DA:71,7
DA:72,14
DA:73,3
DA:74,54
DA:75,53
DA:76,42
DA:79,43
DA:80,27
DA:81,24
DA:82,21
DA:83,2
DA:84,32
DA:85,23
DA:86,24
DA:87,41
DA:91,72
DA:92,36
DA:93,37
DA:95,27
DA:96,34
DA:97,33
DA:98,67
DA:99,17
DA:100,18
DA:101,18
DA:102,25
DA:103,23
DA:104,2
DA:107,34
DA:109,21
DA:110,25
DA:112,66
DA:113,26
DA:114,21
DA:118,38
DA:119,33
DA:120,28
DA:121,24
DA:122,8
DA:123,6
DA:124,20
DA:125,35
DA:126,36
DA:127,39
DA:128,37
DA:129,6
DA:133,44
DA:134,38
DA:135,4
DA:139,36
DA:141,33
DA:142,48
DA:143,50
DA:144,52
DA:145,42
DA:146,20
DA:147,4
DA:149,48
DA:150,2
DA:152,53
DA:154,37
DA:155,27
DA:156,85
DA:157,14
DA:158,9
DA:159,15
DA:160,12
DA:161,25
DA:162,22
DA:163,17
DA:164,1
DA:165,4
DA:168,81
DA:170,39
DA:174,15
DA:175,17
DA:176,16
DA:177,39
DA:178,37
DA:179,32
DA:180,15
DA:181,2
DA:182,2
DA:183,21
DA:184,43
DA:185,60
DA:201,1
DA:202,4
DA:203,11
DA:204,7
DA:205,3
DA:206,22
DA:207,37
DA:208,31
DA:209,36
DA:210,17
DA:211,33
DA:212,34
DA:213,35
DA:214,42
DA:215,34
DA:216,4
DA:217,60
DA:218,2
DA:219,10
LF:107
LH:107
end_of_record
TN:
SF:src/breadth-prompt.ts
FNF:4
FNH:4
DA:1,89
DA:14,17
DA:15,45
DA:16,40
DA:17,29
DA:18,95
DA:19,19
DA:20,143
DA:21,139
DA:22,178
DA:23,4
DA:24,43
DA:25,91
DA:26,2
DA:27,50
DA:28,93
DA:29,2
DA:30,23
DA:31,11
DA:32,159
DA:33,4
DA:34,11
DA:35,89
DA:37,41
DA:38,11
DA:39,141
DA:40,4
DA:41,2
DA:42,11
DA:43,191
DA:44,4
DA:45,22
DA:48,19
DA:49,56
DA:50,38
DA:51,2
DA:52,29
DA:53,37
DA:54,12
DA:55,160
DA:56,4
DA:57,12
DA:58,78
DA:59,83
DA:60,19
DA:61,86
DA:62,11
DA:65,6
DA:66,8
DA:67,9
DA:68,3
DA:69,91
DA:70,25
DA:71,8
DA:72,97
DA:73,9
DA:74,114
DA:75,336
DA:76,97
DA:77,4
DA:78,81
LF:61
LH:61
end_of_record
TN:
SF:src/build-cache-node.ts
FNF:14
FNH:11
DA:1,106
DA:2,216
DA:12,84
DA:15,170
DA:17,86
DA:18,86
DA:19,143
DA:23,1
DA:24,13
DA:25,22
DA:26,102
DA:27,10
DA:28,80
DA:29,165
DA:30,67
DA:32,26
DA:33,158
DA:34,114
DA:36,25
DA:37,64
DA:38,22
DA:39,74
DA:40,148
DA:41,128
DA:47,8
DA:48,52
DA:49,48
DA:50,80
DA:51,109
DA:53,25
DA:54,148
DA:55,66
DA:57,54
DA:58,93
DA:59,50
DA:60,26
DA:61,30
DA:64,41
DA:65,64
DA:66,162
DA:67,180
DA:68,164
DA:69,106
DA:70,138
DA:71,166
DA:72,22
DA:73,87
DA:74,14
DA:75,95
DA:77,50
DA:79,20
DA:80,46
DA:81,113
DA:82,100
DA:83,92
DA:84,26
DA:85,76
DA:86,134
DA:87,16
DA:90,9
DA:91,130
DA:92,94
DA:93,71
DA:94,81
DA:95,47
DA:96,24
DA:97,9
DA:99,2
LF:68
LH:68
end_of_record
TN:
SF:src/build-cache.ts
FNF:21
FNH:19
DA:1,82
DA:4,116
DA:5,62
DA:6,69
DA:9,50
DA:10,44
DA:11,53
DA:12,111
DA:13,41
DA:14,189
DA:15,41
DA:16,15
DA:17,18
DA:18,166
DA:19,51
DA:20,80
DA:21,80
DA:22,180
DA:23,73
DA:25,8
DA:26,78
DA:27,69
DA:29,49
DA:30,36
DA:31,84
DA:32,155
DA:34,27
DA:36,86
DA:37,8
DA:38,74
DA:39,64
DA:40,81
DA:42,29
DA:43,80
DA:44,8
DA:45,78
DA:46,47
DA:47,11
DA:48,25
DA:49,15
DA:50,17
DA:51,76
DA:52,8
DA:53,18
DA:54,201
DA:56,50
DA:58,13
DA:59,22
DA:60,30
DA:62,31
DA:70,36
DA:71,137
DA:77,1
DA:78,123
DA:79,115
DA:80,80
DA:82,26
DA:83,80
DA:84,54
DA:85,58
DA:86,66
DA:87,62
DA:89,42
DA:90,80
DA:91,156
DA:92,82
DA:93,76
DA:94,24
DA:95,30
DA:96,29
DA:97,9
DA:98,90
DA:99,53
DA:100,44
DA:101,50
DA:102,31
DA:103,9
DA:104,130
DA:105,46
DA:107,21
DA:108,168
DA:110,2
DA:113,39
DA:114,8
DA:115,46
DA:116,36
DA:117,58
DA:118,61
DA:120,29
DA:121,136
DA:122,89
DA:123,67
DA:124,52
DA:125,44
DA:126,68
DA:127,76
DA:128,74
DA:129,5
DA:130,66
DA:133,47
DA:134,22
DA:135,18
DA:136,6
DA:137,52
DA:138,28
DA:139,84
DA:140,76
DA:141,75
DA:142,169
DA:144,46
DA:145,84
DA:148,175
DA:149,121
DA:150,42
DA:151,26
DA:154,110
DA:155,136
DA:156,126
DA:157,141
DA:158,56
DA:159,174
DA:160,18
DA:161,15
DA:162,74
DA:164,168
DA:165,144
DA:166,46
DA:167,154
DA:170,119
DA:171,45
DA:172,82
DA:173,140
DA:174,143
DA:175,13
DA:176,64
DA:177,154
DA:178,50
DA:179,42
DA:180,30
DA:181,67
DA:182,34
DA:183,96
DA:186,117
DA:187,101
DA:188,16
DA:189,98
DA:190,26
DA:191,76
DA:192,50
DA:193,57
DA:194,129
DA:195,58
DA:196,18
DA:197,105
DA:200,5
LF:155
LH:155
end_of_record
TN:
SF:src/character.ts
FNF:36
FNH:34
DA:6,31
DA:8,54
DA:10,68
DA:11,64
DA:12,53
DA:14,38
DA:15,10
DA:16,14
DA:17,10
DA:18,15
DA:19,15
DA:20,12
DA:21,9
DA:22,2
DA:25,65
DA:96,41
DA:97,29
DA:98,31
DA:99,28
DA:101,26
DA:102,69
DA:104,39
DA:105,24
DA:106,27
DA:107,86
DA:109,55
DA:110,27
DA:111,11
DA:112,11
DA:113,11
DA:114,9
DA:115,1
DA:117,11
DA:118,85
DA:121,1
DA:122,7
DA:123,6
DA:124,8
DA:125,3
DA:126,29
DA:127,0
DA:128,0
DA:129,2
DA:130,41
DA:131,39
DA:132,0
DA:133,0
DA:134,2
DA:135,12
DA:138,6
DA:139,12
DA:140,3
DA:141,12
DA:142,55
DA:143,26
DA:144,40
DA:145,68
DA:146,26
DA:147,13
DA:148,55
DA:149,49
DA:150,40
DA:151,6
DA:152,58
DA:153,52
DA:154,40
DA:155,29
DA:156,2
DA:159,16
DA:160,20
DA:161,26
DA:162,14
DA:163,19
DA:164,17
DA:165,91
DA:166,5
DA:167,1
DA:168,2
DA:169,64
DA:170,0
DA:171,0
DA:172,0
DA:173,0
DA:174,0
DA:175,2
DA:176,27
DA:177,0
DA:178,0
DA:179,0
DA:180,0
DA:181,0
DA:182,2
DA:183,4
DA:184,33
DA:185,84
DA:186,0
DA:187,0
DA:188,0
DA:189,0
DA:190,0
DA:191,0
DA:192,63
DA:193,0
DA:194,3
DA:195,67
DA:196,0
DA:197,0
DA:198,0
DA:199,0
DA:200,0
DA:201,2
DA:202,48
DA:203,0
DA:204,0
DA:205,0
DA:206,0
DA:207,0
DA:208,2
DA:209,26
DA:210,0
DA:211,11
DA:212,46
DA:213,0
DA:214,0
DA:215,0
DA:216,0
DA:217,0
DA:218,4
DA:219,43
DA:220,0
DA:221,0
DA:222,0
DA:223,0
DA:224,0
DA:225,70
DA:226,0
DA:227,0
DA:228,0
DA:229,0
DA:230,0
DA:231,5
DA:232,4
DA:233,39
DA:234,51
DA:235,0
DA:236,0
DA:237,0
DA:238,0
DA:239,0
DA:240,0
DA:241,4
DA:243,45
DA:244,39
DA:245,83
DA:246,74
DA:247,35
DA:248,12
DA:249,31
DA:250,31
DA:251,33
DA:252,29
DA:253,0
DA:254,0
DA:255,0
DA:256,0
DA:257,0
DA:258,2
DA:259,2
DA:260,43
DA:261,0
DA:262,0
DA:263,0
DA:264,0
DA:265,0
DA:266,2
DA:267,39
DA:268,0
DA:269,2
DA:270,27
DA:271,12
DA:272,16
DA:273,50
DA:274,8
DA:275,2
DA:278,6
DA:279,7
DA:280,3
DA:281,24
DA:282,55
DA:283,21
DA:284,41
DA:285,58
DA:286,33
DA:287,13
DA:288,64
DA:289,68
DA:290,50
DA:291,6
DA:292,69
DA:293,60
DA:294,44
DA:295,33
DA:296,4
DA:297,68
DA:298,43
DA:299,0
DA:300,0
DA:301,0
DA:302,0
DA:303,0
DA:304,2
DA:305,24
DA:308,16
DA:309,20
DA:310,21
DA:311,0
DA:312,0
DA:313,0
DA:314,0
DA:315,2
DA:316,64
DA:317,0
DA:318,0
DA:319,0
DA:320,0
DA:321,0
DA:322,2
DA:323,51
DA:324,0
DA:325,0
DA:326,0
DA:327,0
DA:328,0
DA:329,2
DA:330,62
DA:331,0
DA:332,2
DA:333,20
DA:334,37
DA:335,45
DA:336,63
DA:337,55
DA:338,34
DA:339,0
DA:340,4
DA:341,4
DA:342,2
DA:343,25
DA:344,30
DA:345,37
DA:346,41
DA:347,24
DA:348,0
DA:349,0
DA:350,0
DA:351,0
DA:352,0
DA:353,44
DA:354,41
DA:355,43
DA:356,34
DA:357,0
DA:358,0
DA:359,0
DA:360,0
DA:361,0
DA:362,51
DA:363,2
DA:364,4
DA:365,37
DA:366,54
DA:367,0
DA:368,0
DA:369,0
DA:370,0
DA:371,0
DA:372,4
DA:373,39
DA:374,34
DA:375,21
DA:376,30
DA:377,23
DA:378,37
DA:379,46
DA:380,80
DA:381,11
DA:382,5
DA:383,6
DA:384,23
DA:385,45
DA:386,73
DA:387,2
DA:388,4
DA:389,58
DA:390,12
DA:391,16
DA:392,14
DA:393,57
DA:394,31
DA:395,55
DA:396,6
DA:397,8
DA:398,2
DA:401,16
DA:402,19
DA:403,55
DA:404,29
DA:405,36
DA:406,27
DA:407,38
DA:408,0
DA:409,3
DA:410,4
DA:411,52
DA:412,35
DA:413,0
DA:414,0
DA:415,0
DA:416,0
DA:417,0
DA:418,2
DA:419,20
DA:422,6
DA:423,8
DA:424,7
DA:425,3
DA:426,49
DA:427,37
DA:428,70
DA:429,50
DA:430,29
DA:431,36
DA:432,22
DA:433,4
DA:434,5
DA:435,84
DA:436,14
DA:439,14
DA:441,3
DA:442,65
DA:443,52
DA:444,33
DA:447,14
DA:448,56
DA:449,28
DA:450,24
DA:451,4
DA:452,44
DA:455,6
DA:456,8
DA:457,7
DA:458,3
DA:459,61
DA:460,20
DA:461,74
DA:462,7
DA:463,20
DA:464,29
DA:465,71
DA:466,6
DA:467,7
DA:468,17
DA:469,29
DA:470,65
DA:471,6
DA:472,27
DA:473,7
DA:474,9
DA:475,27
DA:476,31
DA:477,35
DA:478,5
DA:479,3
DA:480,6
DA:481,23
DA:482,7
DA:483,9
DA:484,22
DA:485,31
DA:486,35
DA:487,5
DA:488,3
DA:489,3
DA:490,4
DA:491,37
DA:492,14
DA:493,23
DA:494,33
DA:495,38
DA:496,65
DA:497,59
DA:498,48
DA:499,6
DA:500,38
DA:501,90
DA:502,6
DA:503,11
DA:504,16
DA:505,27
DA:506,9
DA:507,11
DA:508,29
DA:509,39
DA:510,32
DA:511,48
DA:512,7
DA:513,3
DA:514,8
DA:515,23
DA:516,9
DA:517,11
DA:518,31
DA:519,36
DA:520,27
DA:521,41
DA:522,7
DA:523,3
DA:524,5
DA:525,3
DA:526,5
DA:527,97
DA:528,14
DA:531,14
DA:533,3
DA:534,67
DA:535,59
DA:536,45
DA:566,26
DA:567,28
DA:568,7
DA:569,31
DA:570,26
DA:571,55
DA:572,18
DA:573,2
DA:574,40
DA:582,6
DA:583,11
DA:584,10
DA:585,14
DA:586,3
DA:587,31
DA:588,23
DA:589,19
DA:590,25
DA:591,25
DA:592,30
DA:593,38
DA:594,36
DA:595,103
DA:596,27
DA:597,59
DA:598,25
DA:599,34
DA:600,36
DA:601,25
DA:602,15
DA:603,36
DA:604,39
DA:605,30
DA:606,8
DA:607,49
DA:608,43
DA:609,39
DA:610,28
DA:611,7
DA:612,36
DA:613,64
DA:614,57
DA:615,56
DA:616,48
DA:617,54
DA:618,36
DA:619,18
DA:620,33
DA:621,21
DA:622,33
DA:623,36
DA:624,2
DA:625,12
DA:626,19
DA:627,33
DA:628,10
DA:629,11
DA:630,13
DA:631,2
DA:641,15
DA:642,20
DA:643,54
DA:644,86
DA:645,68
DA:646,60
DA:647,67
DA:648,46
DA:649,34
DA:650,7
DA:652,21
DA:653,14
DA:656,19
DA:657,6
DA:658,12
DA:659,13
DA:660,17
DA:662,36
DA:663,10
DA:664,35
DA:665,10
DA:666,22
DA:667,2
DA:669,63
DA:670,20
DA:671,13
DA:672,71
DA:673,71
DA:674,47
DA:675,77
DA:676,80
DA:677,62
DA:678,19
DA:679,42
DA:680,21
DA:681,7
DA:682,78
DA:683,83
DA:684,64
DA:685,20
DA:686,44
DA:687,21
DA:688,7
DA:689,72
DA:690,74
DA:691,61
DA:692,19
DA:693,29
DA:694,24
DA:695,17
DA:696,7
DA:697,73
DA:698,77
DA:699,63
DA:700,20
DA:701,30
DA:702,24
DA:703,17
DA:704,4
DA:705,2
DA:706,3
DA:708,67
DA:709,24
DA:710,13
DA:711,73
DA:712,46
DA:713,49
DA:714,45
DA:715,85
DA:716,89
DA:717,69
DA:718,19
DA:719,24
DA:720,17
DA:721,7
DA:722,86
DA:723,92
DA:724,71
DA:725,20
DA:726,24
DA:727,17
DA:728,7
DA:729,77
DA:730,83
DA:731,68
DA:732,19
DA:733,24
DA:734,17
DA:735,7
DA:736,78
DA:737,86
DA:738,70
DA:739,20
DA:740,24
DA:741,17
DA:742,4
DA:743,2
DA:744,3
DA:746,19
DA:747,58
DA:748,41
DA:752,6
DA:753,10
DA:754,13
DA:755,3
DA:756,30
DA:757,275
DA:758,2
DA:759,34
DA:760,253
DA:761,2
DA:762,30
DA:763,228
DA:764,2
DA:765,35
DA:766,238
DA:767,2
DA:768,35
DA:769,237
DA:770,2
DA:771,32
DA:772,217
DA:773,2
DA:774,72
DA:775,215
LF:611
LH:505
end_of_record
TN:
SF:src/cli-render-mode.ts
FNF:17
FNH:14
DA:1,41
DA:31,55
DA:34,37
DA:42,42
DA:49,48
DA:51,0
DA:52,0
DA:53,1
DA:57,21
DA:58,19
DA:59,20
DA:60,55
DA:61,6
DA:62,90
DA:63,46
DA:64,23
DA:65,36
DA:66,32
DA:67,34
DA:68,36
DA:69,4
DA:70,26
DA:71,59
DA:72,78
DA:74,56
DA:75,21
DA:76,18
DA:77,46
DA:80,16
DA:81,8
DA:82,33
DA:83,59
DA:84,7
DA:85,21
DA:86,34
DA:105,22
DA:106,14
DA:107,15
DA:108,49
DA:109,92
DA:110,56
DA:111,52
DA:112,43
DA:113,47
DA:114,36
DA:115,51
DA:116,46
DA:117,68
DA:118,11
DA:119,12
DA:120,79
DA:121,9
DA:122,85
DA:123,3
DA:128,13
DA:129,9
DA:130,61
DA:131,59
DA:132,21
DA:133,7
DA:134,26
DA:135,41
DA:140,44
DA:141,4
DA:142,14
DA:143,22
DA:144,52
DA:145,61
DA:146,34
DA:148,10
DA:149,29
DA:150,23
DA:151,27
DA:152,26
DA:153,21
DA:154,3
DA:155,11
DA:156,6
DA:163,19
DA:164,9
DA:165,56
DA:166,42
DA:167,7
DA:168,46
DA:169,34
DA:170,22
DA:171,73
DA:172,17
DA:175,73
DA:176,54
DA:203,13
DA:204,62
DA:205,52
DA:206,39
DA:207,68
DA:208,47
DA:212,29
DA:214,0
DA:215,1
DA:227,0
DA:228,0
DA:229,0
DA:230,0
DA:231,0
DA:232,0
DA:233,0
DA:234,0
DA:235,0
DA:236,0
DA:237,0
DA:238,0
DA:239,0
DA:240,0
DA:241,0
DA:242,0
DA:243,0
DA:244,0
DA:245,1
DA:260,6
DA:261,6
DA:262,8
DA:263,3
DA:264,66
DA:265,35
DA:266,89
DA:267,61
DA:268,65
DA:269,33
DA:270,17
DA:273,24
DA:274,40
DA:275,14
DA:276,2
DA:281,65
DA:283,0
DA:284,0
DA:286,0
DA:287,0
DA:289,0
DA:290,0
DA:291,0
DA:292,0
DA:294,0
DA:295,0
DA:297,0
DA:298,0
LF:146
LH:113
end_of_record
TN:
SF:src/composer/agent/compaction.ts
FNF:5
FNH:5
DA:74,1
DA:76,39
DA:79,24
DA:80,60
DA:81,76
DA:82,38
DA:83,183
DA:84,76
DA:89,35
DA:90,54
DA:91,107
DA:92,121
DA:93,124
DA:94,10
DA:95,12
DA:101,40
DA:102,72
DA:103,94
DA:104,70
DA:105,78
DA:106,66
DA:107,46
DA:108,44
DA:109,36
DA:110,12
DA:111,168
DA:112,102
DA:113,53
DA:114,26
DA:115,52
DA:116,66
DA:117,86
DA:118,72
DA:119,20
DA:120,16
DA:123,9
DA:124,29
DA:129,88
DA:130,153
DA:131,14
DA:132,194
DA:133,360
DA:135,14
DA:136,200
DA:138,480
DA:143,216
DA:146,1
LF:47
LH:47
end_of_record
TN:
SF:src/composer/agent/index.ts
FNF:1
FNH:1
DA:14,40
DA:17,49
DA:20,106
DA:27,60
DA:33,54
DA:40,53
LF:6
LH:6
end_of_record
TN:
SF:src/composer/agent/prompt.ts
FNF:1
FNH:1
DA:11,7761
DA:61,2140
DA:96,15
DA:97,19
DA:98,11
DA:99,16
DA:100,52
DA:101,42
DA:102,3
DA:104,37
DA:105,11
DA:106,142
DA:108,4
DA:109,2
DA:111,33
DA:112,0
DA:113,0
DA:114,0
DA:116,0
DA:117,2
DA:119,11
DA:120,242
DA:123,4
DA:125,21
LF:24
LH:20
end_of_record
TN:
SF:src/composer/agent/run.ts
FNF:8
FNH:7
DA:16,67
DA:18,47
DA:21,53
DA:22,61
DA:23,54
DA:24,35
DA:25,39
DA:26,42
DA:35,75
DA:36,48
DA:118,13
DA:119,18
DA:120,19
DA:121,41
DA:122,38
DA:123,27
DA:124,50
DA:125,2
DA:126,2
DA:127,39
DA:128,28
DA:131,10
DA:132,40
DA:133,78
DA:134,0
DA:135,0
DA:136,0
DA:140,10
DA:141,46
DA:142,19
DA:143,0
DA:144,0
DA:145,0
DA:146,2
DA:147,58
DA:148,14
DA:149,46
DA:150,29
DA:151,3
DA:158,6
DA:159,5
DA:160,3
DA:166,93
DA:169,79
DA:170,100
DA:171,33
DA:172,51
DA:173,18
DA:175,9
DA:176,44
DA:177,12
DA:178,26
DA:179,14
DA:180,31
DA:181,41
DA:182,85
DA:183,7
DA:184,45
DA:188,53
DA:189,12
DA:190,90
DA:191,43
DA:192,0
DA:193,4
DA:194,7
DA:196,31
DA:197,24
DA:202,77
DA:203,22
DA:204,46
DA:205,35
DA:206,7
DA:207,26
DA:209,27
DA:210,14
DA:211,17
DA:213,77
DA:214,104
DA:215,2
DA:216,13
DA:218,19
DA:219,31
DA:220,29
DA:221,58
DA:222,55
DA:223,22
DA:224,6
DA:225,17
DA:226,205
DA:227,7
DA:229,37
DA:230,7
DA:231,32
DA:232,24
DA:233,58
DA:234,86
DA:235,6
DA:236,3
DA:237,14
DA:238,51
DA:239,76
DA:240,57
DA:246,24
DA:247,0
DA:248,0
DA:249,0
DA:250,0
DA:251,0
DA:252,0
DA:253,0
DA:254,0
DA:255,0
DA:256,0
DA:257,0
DA:258,4
DA:260,44
DA:261,33
DA:262,13
DA:263,26
DA:264,2
DA:265,13
DA:267,17
DA:268,31
DA:269,41
DA:270,37
DA:271,32
DA:272,52
DA:273,91
DA:274,31
DA:275,13
DA:276,1
DA:277,0
DA:278,0
DA:279,0
DA:280,0
DA:281,0
DA:282,0
DA:283,0
DA:284,0
DA:285,0
DA:286,0
DA:287,9
DA:288,5
DA:289,19
DA:295,1
DA:296,6
DA:297,7
DA:298,3
DA:299,51
DA:300,20
DA:301,0
DA:302,0
DA:303,0
DA:304,0
DA:305,0
DA:306,0
DA:307,0
DA:308,2
DA:309,32
DA:310,12
DA:311,12
DA:312,26
DA:313,30
DA:314,30
DA:315,23
DA:316,1
LF:166
LH:131
end_of_record
TN:
SF:src/composer/agent/tools.ts
FNF:37
FNH:36
DA:23,66
DA:24,24
DA:26,35
DA:42,72
DA:72,47
DA:73,59
DA:74,53
DA:76,82
DA:77,27
DA:79,33
DA:80,11
DA:81,11
DA:82,10
DA:83,10
DA:84,9
DA:85,11
DA:86,8
DA:87,10
DA:88,9
DA:89,3
DA:90,82
DA:91,31
DA:92,10
DA:93,13
DA:94,12
DA:95,9
DA:96,14
DA:97,9
DA:98,8
DA:99,11
DA:100,13
DA:101,3
DA:102,29
DA:103,14
DA:104,28
DA:105,18
DA:106,18
DA:107,19
DA:108,16
DA:109,5
DA:110,14
DA:111,29
DA:112,29
DA:113,23
DA:114,21
DA:115,21
DA:116,16
DA:117,3
DA:118,3
DA:123,62
DA:124,38
DA:126,9
DA:127,33
DA:128,14
DA:129,59
DA:130,33
DA:131,29
DA:132,20
DA:133,13
DA:134,35
DA:135,45
DA:136,34
DA:137,4
DA:138,15
DA:139,17
DA:140,12
DA:141,27
DA:142,83
DA:143,1
DA:144,2
DA:145,12
DA:146,50
DA:147,32
DA:148,22
DA:149,28
DA:150,25
DA:151,19
DA:152,17
DA:153,57
DA:154,1
DA:161,29
DA:162,66
DA:163,37
DA:164,0
DA:165,0
DA:168,1
DA:169,5
DA:170,9
DA:171,17
DA:172,23
DA:173,21
DA:174,3
DA:175,17
DA:176,57
DA:177,2
DA:178,44
DA:179,2
DA:180,15
DA:181,15
DA:182,2
DA:183,49
DA:184,18
DA:185,13
DA:186,25
DA:187,17
DA:188,67
DA:189,41
DA:190,4
DA:191,31
DA:192,11
DA:193,51
DA:194,26
DA:195,30
DA:196,16
DA:197,55
DA:198,9
DA:199,16
DA:200,25
DA:201,62
DA:202,8
DA:203,2
DA:204,13
DA:205,16
DA:206,25
DA:207,47
DA:208,22
DA:209,40
DA:210,10
DA:211,8
DA:212,1
DA:214,2
DA:215,12
DA:216,89
DA:217,25
DA:218,2
DA:255,15
DA:256,39
DA:257,83
DA:260,26
DA:261,34
DA:262,36
DA:263,36
DA:264,36
DA:265,32
DA:266,12
DA:270,28
DA:271,25
DA:272,40
DA:273,14
DA:274,18
DA:275,36
DA:276,39
DA:277,18
DA:278,10
DA:279,9
DA:280,125
DA:281,3
DA:282,5
DA:283,4
DA:287,28
DA:288,11
DA:289,18
DA:290,19
DA:291,16
DA:292,18
DA:293,48
DA:294,86
DA:295,4
DA:301,33
DA:302,30
DA:303,13
DA:304,99
DA:305,137
DA:307,23
DA:308,49
DA:309,5
DA:311,27
DA:312,23
DA:313,13
DA:314,220
DA:317,23
DA:318,22
DA:319,36
DA:320,16
DA:321,34
DA:322,45
DA:323,41
DA:324,51
DA:325,3
DA:327,5
DA:329,31
DA:330,27
DA:331,13
DA:332,99
DA:333,104
DA:334,75
DA:335,23
DA:336,22
DA:337,46
DA:338,16
DA:339,34
DA:340,31
DA:341,14
DA:342,3
DA:344,5
DA:346,29
DA:347,25
DA:348,13
DA:349,261
DA:352,23
DA:353,21
DA:354,78
DA:355,40
DA:356,62
DA:357,19
DA:358,17
DA:359,32
DA:360,40
DA:361,32
DA:362,47
DA:363,13
DA:364,8
DA:367,6
DA:368,6
DA:369,24
DA:370,5
DA:371,16
DA:372,17
DA:373,28
DA:374,25
DA:375,4
DA:377,5
DA:379,33
DA:380,36
DA:381,13
DA:382,100
DA:383,173
DA:385,29
DA:386,81
DA:387,22
DA:388,72
DA:389,8
DA:390,94
DA:391,7
DA:392,26
DA:393,22
DA:398,34
DA:399,50
DA:400,20
DA:401,13
DA:402,33
DA:403,32
DA:404,47
DA:405,9
DA:406,7
DA:407,9
DA:408,24
DA:409,5
DA:410,27
DA:411,17
DA:412,28
DA:413,25
DA:414,4
DA:416,5
DA:420,29
DA:421,25
DA:422,13
DA:423,333
DA:427,29
DA:428,10
DA:429,18
DA:430,11
DA:431,74
DA:432,10
DA:433,33
DA:434,11
DA:435,53
DA:436,97
DA:437,10
DA:438,61
DA:439,11
DA:440,9
DA:441,129
DA:443,8
DA:444,99
DA:445,9
DA:446,9
DA:447,11
DA:448,77
DA:449,89
DA:450,7
DA:451,27
DA:452,22
DA:461,75
DA:462,20
DA:463,30
DA:464,41
DA:465,34
DA:466,25
DA:467,31
DA:468,32
DA:469,17
DA:470,1
DA:471,3
DA:473,5
DA:475,28
DA:476,24
DA:477,13
DA:478,308
DA:482,29
DA:483,88
DA:484,65
DA:485,5
DA:486,9
DA:487,11
DA:488,82
DA:489,76
DA:490,74
DA:491,85
DA:492,96
DA:493,9
DA:494,9
DA:495,11
DA:496,91
DA:497,7
DA:498,27
DA:499,22
DA:509,20
DA:510,33
DA:511,20
DA:512,28
DA:513,53
DA:514,32
DA:515,39
DA:516,24
DA:517,36
DA:518,1
DA:519,3
DA:521,5
DA:523,30
DA:524,26
DA:525,13
DA:526,105
DA:527,184
DA:529,29
DA:530,65
DA:531,66
DA:532,66
DA:533,82
DA:534,91
DA:535,74
DA:536,82
DA:537,68
DA:538,92
DA:539,7
DA:540,27
DA:541,22
DA:552,20
DA:553,35
DA:554,25
DA:555,23
DA:556,28
DA:557,37
DA:558,32
DA:559,23
DA:560,24
DA:561,18
DA:562,1
DA:563,3
DA:565,5
DA:567,27
DA:568,23
DA:569,13
DA:570,99
DA:571,179
DA:573,29
DA:574,62
DA:575,63
DA:576,80
DA:577,65
DA:578,11
DA:579,10
DA:580,11
DA:581,77
DA:582,74
DA:583,85
DA:584,68
DA:585,86
DA:586,7
DA:587,27
DA:588,22
DA:599,20
DA:600,32
DA:601,25
DA:602,23
DA:603,28
DA:604,52
DA:605,32
DA:606,23
DA:607,24
DA:608,18
DA:609,1
DA:610,3
DA:612,5
DA:614,27
DA:615,23
DA:616,13
DA:617,101
DA:618,103
DA:619,85
DA:620,29
DA:621,78
DA:622,70
DA:623,92
DA:624,63
DA:625,7
DA:626,27
DA:627,22
DA:633,43
DA:634,33
DA:635,42
DA:636,26
DA:637,9
DA:638,31
DA:640,5
DA:642,27
DA:643,23
DA:644,13
DA:645,190
DA:647,92
DA:648,29
DA:649,83
DA:650,79
DA:651,7
DA:652,27
DA:653,22
DA:654,45
DA:655,28
DA:657,5
DA:659,28
DA:660,24
DA:661,13
DA:662,99
DA:663,103
DA:664,28
DA:665,29
DA:666,95
DA:667,76
DA:668,74
DA:669,63
DA:670,7
DA:671,27
DA:672,22
DA:678,45
DA:679,35
DA:680,38
DA:681,15
DA:682,9
DA:683,23
DA:684,27
DA:685,16
DA:686,17
DA:687,23
DA:688,27
DA:689,41
DA:690,34
DA:691,3
DA:693,5
DA:695,29
DA:696,25
DA:697,13
DA:698,101
DA:699,100
DA:700,29
DA:701,77
DA:702,7
DA:703,27
DA:704,22
DA:705,39
DA:706,23
DA:707,27
DA:708,16
DA:709,17
DA:710,27
DA:711,41
DA:712,34
DA:713,3
DA:715,5
DA:717,37
DA:718,34
DA:719,13
DA:720,102
DA:721,305
DA:725,29
DA:726,64
DA:727,7
DA:728,27
DA:729,22
DA:730,37
DA:731,27
DA:732,16
DA:733,17
DA:734,30
DA:735,41
DA:736,34
DA:737,3
DA:739,5
DA:741,34
DA:742,31
DA:743,13
DA:744,279
DA:747,103
DA:748,42
DA:749,29
DA:750,60
DA:751,99
DA:752,81
DA:753,7
DA:754,27
DA:755,22
DA:761,41
DA:762,86
DA:763,27
DA:764,16
DA:765,17
DA:766,79
DA:767,41
DA:768,34
DA:769,3
DA:771,5
DA:773,28
DA:774,24
DA:775,13
DA:776,96
DA:777,277
DA:780,82
DA:781,91
DA:782,97
DA:783,100
DA:784,99
DA:785,177
DA:787,29
DA:788,9
DA:789,6
DA:790,86
DA:791,2
DA:792,8
DA:793,81
DA:794,7
DA:795,0
DA:796,0
DA:797,0
DA:798,0
DA:799,0
DA:800,0
DA:801,0
DA:802,0
DA:803,0
DA:804,2
DA:806,5
DA:808,31
DA:809,27
DA:810,13
DA:811,100
DA:812,104
DA:813,77
DA:814,23
DA:815,22
DA:816,27
DA:817,28
DA:818,16
DA:819,17
DA:820,23
DA:821,41
DA:822,37
DA:823,27
DA:824,3
DA:826,5
DA:828,12
DA:829,19
DA:830,13
DA:831,17
DA:832,15
DA:833,19
DA:834,15
DA:835,14
DA:836,16
DA:837,13
DA:838,13
DA:839,13
DA:840,14
DA:841,15
DA:842,23
DA:843,20
DA:844,14
DA:845,14
DA:846,1
LF:597
LH:586
end_of_record
TN:
SF:src/composer/agent/world-run.ts
FNF:27
FNH:26
DA:2,76
DA:11,24
DA:12,53
DA:14,61
DA:15,211
DA:30,55
DA:31,60
DA:80,36
DA:81,67
DA:83,11
DA:84,94
DA:87,13
DA:88,18
DA:89,29
DA:90,44
DA:91,31
DA:92,9
DA:93,9
DA:94,24
DA:97,1
DA:98,7
DA:99,8
DA:100,11
DA:101,16
DA:102,3
DA:103,12
DA:104,12
DA:105,31
DA:106,91
DA:107,25
DA:108,23
DA:109,65
DA:110,18
DA:111,19
DA:112,20
DA:113,46
DA:114,51
DA:115,51
DA:116,55
DA:117,44
DA:118,44
DA:119,57
DA:120,33
DA:121,27
DA:122,30
DA:123,27
DA:124,31
DA:125,32
DA:126,58
DA:127,12
DA:128,47
DA:129,60
DA:130,7
DA:131,6
DA:133,7
DA:134,12
DA:135,35
DA:136,13
DA:137,94
DA:138,25
DA:139,0
DA:140,0
DA:141,4
DA:143,7
DA:144,12
DA:145,33
DA:146,13
DA:147,104
DA:148,25
DA:149,23
DA:150,72
DA:151,33
DA:152,45
DA:153,38
DA:154,18
DA:155,13
DA:156,74
DA:157,12
DA:158,58
DA:159,6
DA:161,7
DA:162,12
DA:163,35
DA:164,99
DA:165,25
DA:166,23
DA:167,63
DA:168,35
DA:169,31
DA:170,75
DA:172,4
DA:173,1
DA:180,1
DA:181,7
DA:182,7
DA:183,3
DA:184,53
DA:185,42
DA:186,33
DA:187,34
DA:188,25
DA:189,17
DA:190,14
DA:191,7
DA:192,87
DA:193,41
DA:194,43
DA:195,51
DA:196,3
DA:197,3
DA:198,5
DA:199,20
DA:200,40
DA:201,56
DA:202,10
DA:203,19
DA:204,57
DA:205,3
DA:206,14
DA:207,6
DA:208,26
DA:209,0
DA:210,0
DA:211,0
DA:212,0
DA:213,2
DA:214,2
DA:215,47
DA:216,2
DA:217,18
DA:218,20
DA:219,4
DA:220,89
DA:223,13
DA:224,4
DA:225,47
DA:226,64
DA:227,5
DA:228,81
DA:229,2
DA:230,15
DA:231,15
DA:232,31
DA:233,61
DA:234,4
DA:235,51
DA:236,13
DA:237,37
DA:238,33
DA:239,22
DA:240,4
DA:241,1
DA:244,1
DA:245,11
DA:246,7
DA:247,8
DA:248,3
DA:249,50
DA:250,82
DA:251,2
DA:252,12
DA:253,14
DA:254,13
DA:255,71
DA:256,72
DA:257,68
DA:258,79
DA:259,1
DA:262,1
DA:263,7
DA:264,11
DA:265,16
DA:266,3
DA:267,51
DA:268,18
DA:269,0
DA:270,2
DA:271,44
DA:272,14
DA:273,36
DA:274,22
DA:275,30
DA:276,40
DA:277,4
DA:278,27
DA:279,91
DA:280,2
DA:281,6
DA:284,1
DA:285,7
DA:286,8
DA:287,15
DA:288,3
DA:289,53
DA:290,82
DA:291,69
DA:292,66
DA:293,0
DA:294,2
DA:298,75
DA:299,67
DA:300,2
DA:302,60
DA:303,16
DA:304,0
DA:305,0
DA:306,0
DA:307,0
DA:308,0
DA:309,2
DA:310,40
DA:311,12
DA:312,14
DA:313,67
DA:314,22
DA:315,2
DA:324,6
DA:325,8
DA:326,3
DA:327,63
DA:328,37
DA:329,28
DA:330,41
DA:331,37
DA:332,17
DA:333,10
DA:334,30
DA:335,8
DA:336,4
DA:337,9
DA:338,83
DA:339,0
DA:340,0
DA:341,0
DA:342,4
DA:343,57
DA:344,15
DA:345,36
DA:346,2
DA:347,11
DA:348,33
DA:349,62
DA:350,11
DA:351,41
DA:352,78
DA:353,11
DA:354,31
DA:355,7
DA:356,21
DA:357,23
DA:358,74
DA:359,31
DA:360,6
DA:361,31
DA:362,27
DA:363,85
DA:364,12
DA:365,54
DA:366,7
DA:367,26
DA:368,34
DA:369,170
DA:370,6
DA:371,76
DA:372,44
DA:373,53
DA:374,13
DA:375,16
DA:376,14
DA:377,6
DA:378,39
DA:379,57
DA:380,49
DA:381,22
DA:382,89
DA:383,14
DA:384,25
DA:385,16
DA:386,42
DA:387,52
DA:388,33
DA:389,48
DA:390,8
DA:391,37
DA:392,29
DA:393,24
DA:394,52
DA:395,30
DA:396,56
DA:397,11
DA:398,50
DA:399,31
DA:400,54
DA:401,2
DA:402,19
DA:403,44
DA:404,14
DA:405,25
DA:406,56
DA:407,42
DA:408,33
DA:409,37
DA:410,29
DA:411,24
DA:412,52
DA:413,30
DA:414,2
DA:415,8
DA:416,47
DA:417,10
DA:418,5
DA:419,19
LF:312
LH:296
end_of_record
TN:
SF:src/composer/agent/world-tools.ts
FNF:29
FNH:23
DA:2,43
DA:3,24
DA:4,577
DA:51,35
DA:52,39
DA:53,47
DA:54,38
DA:55,69
DA:57,18
DA:58,30
DA:59,32
DA:60,36
DA:61,46
DA:63,35
DA:64,11
DA:65,26
DA:66,0
DA:67,3
DA:71,27
DA:72,34
DA:73,13
DA:74,96
DA:75,15
DA:76,14
DA:77,9
DA:78,6
DA:79,2
DA:80,16
DA:81,11
DA:82,74
DA:83,47
DA:84,2
DA:85,77
DA:86,19
DA:87,2
DA:88,79
DA:89,16
DA:90,8
DA:91,3
DA:92,8
DA:93,2
DA:94,11
DA:95,3
DA:96,13
DA:97,11
DA:98,5
DA:99,27
DA:100,34
DA:101,87
DA:102,15
DA:103,14
DA:104,9
DA:105,6
DA:106,2
DA:107,16
DA:108,11
DA:109,45
DA:110,34
DA:111,3
DA:112,8
DA:113,2
DA:114,11
DA:115,3
DA:116,13
DA:117,11
DA:118,5
DA:119,29
DA:120,36
DA:121,13
DA:122,88
DA:123,15
DA:124,14
DA:125,11
DA:126,6
DA:127,2
DA:128,16
DA:129,11
DA:130,43
DA:131,23
DA:132,29
DA:133,78
DA:134,49
DA:135,51
DA:136,3
DA:137,8
DA:138,2
DA:139,11
DA:140,3
DA:141,13
DA:142,87
DA:143,5
DA:144,28
DA:145,35
DA:146,87
DA:147,15
DA:148,14
DA:149,10
DA:150,6
DA:151,2
DA:152,16
DA:153,11
DA:154,23
DA:155,29
DA:156,40
DA:157,3
DA:158,8
DA:159,2
DA:160,11
DA:161,3
DA:162,13
DA:163,11
DA:164,5
DA:165,34
DA:166,41
DA:167,13
DA:168,190
DA:169,85
DA:170,20
DA:171,77
DA:172,5
DA:173,31
DA:174,38
DA:175,13
DA:176,191
DA:177,85
DA:178,26
DA:179,13
DA:180,47
DA:181,45
DA:182,10
DA:183,29
DA:184,45
DA:185,51
DA:186,10
DA:187,20
DA:188,8
DA:190,78
DA:191,62
DA:192,28
DA:193,58
DA:194,0
DA:195,12
DA:196,27
DA:197,30
DA:198,48
DA:199,1
DA:200,12
DA:201,14
DA:202,37
DA:203,32
DA:204,20
DA:205,0
DA:207,11
DA:208,2
DA:209,1
DA:210,8
DA:212,100
DA:213,20
DA:214,22
DA:215,72
DA:216,1
DA:217,8
DA:218,48
DA:219,76
DA:220,8
DA:221,70
DA:222,21
DA:223,56
DA:224,49
DA:225,46
DA:226,27
DA:227,72
DA:228,33
DA:229,42
DA:230,66
DA:231,54
DA:232,2
DA:233,1
DA:234,12
DA:235,72
DA:236,31
DA:237,33
DA:238,67
DA:239,1
DA:240,10
DA:241,60
DA:242,84
DA:243,93
DA:244,32
DA:245,31
DA:246,37
DA:247,58
DA:248,1
DA:249,10
DA:250,38
DA:251,29
DA:252,55
DA:253,22
DA:254,0
DA:255,0
DA:256,0
DA:257,0
DA:258,10
DA:259,64
DA:260,33
DA:261,33
DA:262,47
DA:263,11
DA:264,17
DA:265,64
DA:266,33
DA:267,30
DA:268,19
DA:270,57
DA:271,62
DA:272,89
DA:273,68
DA:274,62
DA:275,28
DA:276,73
DA:277,0
DA:278,10
DA:279,27
DA:280,30
DA:281,79
DA:282,1
DA:283,10
DA:284,38
DA:285,48
DA:287,12
DA:288,13
DA:289,18
DA:290,25
DA:291,33
DA:292,53
DA:293,82
DA:294,11
DA:295,9
DA:296,10
DA:297,22
DA:298,35
DA:299,30
DA:300,18
DA:301,26
DA:302,2
DA:303,10
DA:304,54
DA:305,23
DA:306,18
DA:307,20
DA:308,51
DA:309,4
DA:312,5
DA:313,23
DA:314,29
DA:315,13
DA:316,93
DA:317,67
DA:318,87
DA:319,5
DA:320,27
DA:321,34
DA:322,13
DA:323,104
DA:324,15
DA:325,14
DA:326,17
DA:327,27
DA:328,43
DA:329,45
DA:330,33
DA:331,50
DA:332,3
DA:333,13
DA:334,11
DA:335,5
DA:336,54
DA:337,2
DA:338,14
DA:339,37
DA:340,43
DA:341,35
DA:342,24
DA:343,3
DA:344,13
DA:345,2
DA:346,14
DA:347,29
DA:348,19
DA:349,32
DA:350,24
DA:351,3
DA:352,10
DA:353,5
DA:354,33
DA:355,40
DA:356,13
DA:357,91
DA:358,15
DA:359,14
DA:360,19
DA:361,34
DA:362,46
DA:363,47
DA:364,25
DA:365,38
DA:366,35
DA:367,40
DA:368,3
DA:369,13
DA:370,26
DA:371,47
DA:372,0
DA:373,0
DA:374,0
DA:375,6
DA:376,13
DA:377,99
DA:378,60
DA:379,65
DA:380,92
DA:381,22
DA:382,50
DA:383,30
DA:384,23
DA:385,31
DA:386,19
DA:387,83
DA:388,9
DA:389,2
DA:390,10
DA:391,53
DA:392,0
DA:393,0
DA:394,0
DA:395,0
DA:396,3
DA:399,5
DA:400,12
DA:401,13
DA:402,13
DA:403,15
DA:404,14
DA:405,20
DA:406,17
DA:407,9
DA:408,13
DA:409,16
DA:410,1
LF:349
LH:334
end_of_record
TN:
SF:src/composer/collision.ts
FNF:32
FNH:32
DA:30,39
DA:31,81
DA:32,84
DA:33,94
DA:34,5
DA:35,3
DA:36,6
DA:38,46
DA:39,82
DA:40,4
DA:42,138
DA:43,132
DA:44,136
DA:45,4
DA:46,24
DA:47,86
DA:48,34
DA:49,78
DA:50,6
DA:51,18
DA:52,65
DA:53,130
DA:54,95
DA:55,6
DA:56,8
DA:57,4
DA:58,24
DA:59,82
DA:60,34
DA:61,66
DA:62,6
DA:63,18
DA:64,6
DA:66,38
DA:67,20
DA:68,30
DA:69,174
DA:70,22
DA:71,76
DA:72,118
DA:73,4
DA:74,18
DA:75,61
DA:76,145
DA:77,40
DA:78,42
DA:79,52
DA:80,98
DA:81,10
DA:82,5
DA:83,132
DA:84,20
DA:85,21
DA:86,24
DA:87,45
DA:88,5
DA:89,5
DA:90,98
DA:91,121
DA:92,186
DA:93,3
DA:94,6
DA:97,98
DA:98,20
DA:99,146
DA:100,62
DA:101,86
DA:102,176
DA:103,4
DA:104,18
DA:105,61
DA:106,188
DA:107,20
DA:108,21
DA:109,26
DA:110,46
DA:111,5
DA:112,5
DA:113,194
DA:114,194
DA:115,8
DA:116,132
DA:117,133
DA:118,5
DA:119,20
DA:120,21
DA:121,26
DA:122,66
DA:123,5
DA:124,3
DA:125,6
DA:127,82
DA:128,20
DA:129,128
DA:130,86
DA:131,62
DA:132,66
DA:133,18
DA:134,78
DA:135,4
DA:136,18
DA:137,61
DA:138,192
DA:139,20
DA:140,21
DA:141,27
DA:142,48
DA:143,5
DA:144,5
DA:145,138
DA:146,20
DA:147,21
DA:148,27
DA:149,44
DA:150,5
DA:151,5
DA:152,138
DA:153,20
DA:154,21
DA:155,27
DA:156,48
DA:157,5
DA:158,5
DA:159,67
DA:160,114
DA:161,8
DA:162,140
DA:163,135
DA:164,7
DA:165,22
DA:166,23
DA:167,25
DA:168,62
DA:169,7
DA:170,5
DA:171,5
DA:172,87
DA:173,99
DA:174,2
DA:175,8
DA:176,91
DA:177,95
DA:178,2
DA:179,8
DA:180,8
DA:181,132
DA:182,133
DA:183,5
DA:184,20
DA:185,21
DA:186,27
DA:187,66
DA:188,5
DA:189,3
DA:190,6
DA:227,100
DA:228,13
DA:229,67
DA:234,18
DA:235,10
DA:236,66
DA:237,77
DA:239,2
DA:241,63
DA:242,62
DA:243,88
DA:246,73
DA:247,155
DA:248,76
DA:249,73
DA:250,46
DA:251,48
DA:252,83
DA:253,156
DA:254,88
DA:255,80
DA:256,158
DA:257,148
DA:258,13
DA:259,8
DA:260,136
DA:261,126
DA:262,125
DA:263,18
DA:264,62
DA:265,56
DA:266,128
DA:267,9
DA:268,9
DA:269,5
DA:270,5
DA:271,62
DA:272,18
DA:273,110
DA:274,38
DA:275,115
DA:276,62
DA:277,74
DA:278,91
DA:279,8
DA:283,65
DA:284,62
DA:285,91
DA:288,42
DA:289,66
DA:290,66
DA:291,24
DA:292,74
DA:293,36
DA:294,18
DA:295,18
DA:296,18
DA:297,18
DA:298,18
DA:299,18
DA:300,18
DA:301,18
DA:302,18
DA:303,18
DA:304,18
DA:305,18
DA:306,18
DA:307,18
DA:308,18
DA:309,18
DA:310,18
DA:311,18
DA:312,18
DA:313,18
DA:314,18
DA:315,18
DA:316,18
DA:317,12
DA:318,12
DA:319,32
DA:320,496
DA:321,74
DA:322,6
DA:323,5
DA:326,58
DA:327,186
DA:328,186
DA:329,81
DA:330,153
DA:331,89
DA:332,152
DA:333,148
DA:334,9
DA:335,5
DA:336,5
DA:337,42
DA:340,47
DA:341,26
DA:342,14
DA:343,6
DA:344,104
DA:345,100
DA:346,144
DA:347,44
DA:348,141
DA:349,88
DA:350,102
DA:351,54
DA:352,138
DA:353,12
DA:354,166
DA:355,53
DA:356,62
DA:357,74
DA:358,116
DA:359,7
DA:360,9
DA:361,22
DA:362,137
DA:363,94
DA:364,68
DA:365,38
DA:366,86
DA:367,72
DA:368,12
DA:369,15
DA:370,42
DA:371,62
DA:372,74
DA:373,91
DA:374,11
DA:376,6
DA:377,184
DA:378,184
DA:379,8
DA:380,132
DA:381,133
DA:382,5
DA:383,31
DA:384,28
DA:385,46
DA:386,4
DA:387,5
DA:388,165
DA:389,72
DA:390,110
DA:391,68
DA:392,50
DA:393,22
DA:394,54
DA:395,24
DA:396,8
DA:399,73
DA:400,124
DA:403,66
DA:404,146
DA:407,66
DA:408,142
DA:409,122
DA:410,116
DA:411,67
DA:412,5
DA:413,34
DA:416,64
DA:417,122
DA:426,83
DA:427,100
DA:428,8
DA:429,88
DA:430,88
DA:431,57
DA:432,5
DA:433,89
DA:434,5
DA:435,8
DA:436,70
DA:437,119
DA:438,5
DA:439,68
DA:440,5
DA:441,52
DA:442,42
DA:443,42
DA:444,40
DA:445,48
DA:446,44
DA:447,5
LF:342
LH:342
end_of_record
TN:
SF:src/composer/contract-utils.ts
FNF:8
FNH:8
DA:1,74
DA:4,28
DA:5,59
DA:6,30
DA:7,52
DA:8,54
DA:9,4
DA:10,6
DA:11,2
DA:12,42
DA:13,87
DA:14,54
DA:15,2
DA:18,16
DA:19,83
DA:20,28
DA:21,2
DA:22,35
DA:23,37
DA:24,28
DA:25,2
DA:26,86
DA:27,35
DA:28,25
DA:29,31
DA:30,7
DA:31,75
DA:32,12
DA:33,0
DA:34,1
DA:37,15
DA:38,34
DA:39,18
DA:40,35
DA:41,4
DA:42,90
DA:43,88
DA:46,16
DA:47,83
DA:50,15
DA:51,60
LF:41
LH:40
end_of_record
TN:
SF:src/composer/dsl.ts
FNF:25
FNH:23
DA:11,76
DA:12,106
DA:13,82
DA:27,68
DA:28,100
DA:29,92
DA:30,116
DA:31,43
DA:32,121
DA:34,45
DA:35,12
DA:36,66
DA:37,58
DA:38,22
DA:41,45
DA:42,26
DA:43,10
DA:44,28
DA:45,56
DA:46,76
DA:47,36
DA:48,24
DA:49,79
DA:50,34
DA:51,25
DA:54,38
DA:55,127
DA:56,36
DA:57,98
DA:58,123
DA:59,54
DA:60,91
DA:61,8
DA:62,59
DA:63,41
DA:64,235
DA:65,9
DA:66,271
DA:67,5
DA:68,63
DA:69,325
DA:70,5
DA:71,353
DA:75,51
DA:76,54
DA:77,132
DA:78,48
DA:79,58
DA:80,48
DA:81,71
DA:82,98
DA:83,82
DA:84,50
DA:85,118
DA:86,68
DA:87,32
DA:88,218
DA:89,8
DA:90,5
DA:91,85
DA:92,107
DA:93,8
DA:94,24
DA:95,186
DA:96,148
DA:97,14
DA:98,36
DA:99,14
DA:100,34
DA:101,14
DA:102,42
DA:103,24
DA:116,87
DA:117,76
DA:128,1
DA:130,59
DA:131,98
DA:134,26
DA:135,196
DA:138,33
DA:139,38
DA:140,162
DA:141,29
DA:146,38
DA:147,38
DA:148,172
DA:149,29
DA:152,35
DA:153,38
DA:154,94
DA:155,29
DA:158,32
DA:159,38
DA:160,88
DA:161,29
DA:164,0
DA:165,0
DA:166,0
DA:167,0
DA:168,0
DA:169,0
DA:170,18
DA:173,26
DA:174,67
DA:177,25
DA:178,62
DA:180,2
DA:182,69
DA:183,76
DA:189,62
DA:191,70
DA:194,0
DA:195,63
LF:113
LH:106
end_of_record
TN:
SF:src/composer/ground.ts
FNF:4
FNH:4
DA:17,25
DA:18,11
DA:19,3
DA:20,18
DA:21,24
DA:22,2
DA:27,43
LF:7
LH:7
end_of_record
TN:
SF:src/composer/index.ts
FNF:1
FNH:1
DA:7,22
DA:8,28
DA:9,25
DA:10,25
DA:11,24
DA:12,26
DA:13,31
DA:14,31
DA:15,30
DA:16,26
DA:17,33
DA:18,36
DA:19,31
LF:13
LH:13
end_of_record
TN:
SF:src/composer/layout.ts
FNF:16
FNH:16
DA:28,38
DA:29,50
DA:102,44
DA:103,29
DA:104,29
DA:105,51
DA:106,43
DA:109,10
DA:110,21
DA:111,17
DA:112,29
DA:113,43
DA:114,47
DA:115,42
DA:128,10
DA:129,28
DA:130,63
DA:131,63
DA:132,86
DA:149,1
DA:150,4
DA:151,4
DA:152,3
DA:153,8
DA:154,5
DA:155,3
DA:156,28
DA:157,70
DA:158,56
DA:159,63
DA:160,2
DA:161,11
DA:167,1
DA:168,8
DA:169,7
DA:170,3
DA:171,8
DA:172,5
DA:173,3
DA:174,27
DA:175,28
DA:176,45
DA:177,33
DA:178,43
DA:179,43
DA:180,57
DA:181,0
DA:182,0
DA:197,18
DA:198,33
DA:199,33
DA:200,47
DA:202,36
DA:207,38
DA:208,49
DA:209,69
DA:210,26
DA:211,38
DA:212,37
DA:213,34
DA:214,2
DA:215,2
DA:216,44
DA:223,6
DA:224,10
DA:225,10
DA:226,7
DA:227,10
DA:228,9
DA:229,8
DA:230,3
DA:231,53
DA:232,53
DA:233,35
DA:234,30
DA:235,27
DA:236,27
DA:237,34
DA:238,35
DA:239,95
DA:243,20
DA:244,38
DA:246,41
DA:247,17
DA:248,31
DA:249,19
DA:250,33
DA:251,5
DA:252,0
DA:253,0
DA:254,0
DA:255,0
DA:256,0
DA:257,0
DA:258,0
DA:259,0
DA:261,2
DA:263,2
DA:265,46
DA:266,61
DA:267,20
DA:272,27
DA:273,46
DA:274,49
DA:275,43
DA:276,38
DA:277,38
DA:278,14
DA:279,36
DA:280,58
DA:281,35
DA:283,38
DA:285,32
DA:286,67
DA:287,4
DA:291,63
DA:292,67
DA:293,17
DA:294,38
DA:295,23
DA:296,40
DA:297,4
DA:299,27
DA:300,30
DA:301,24
DA:302,26
DA:303,28
DA:305,27
DA:306,89
DA:308,16
DA:309,76
DA:310,38
DA:312,72
DA:313,98
DA:314,29
DA:315,44
DA:316,65
DA:317,4
DA:319,83
DA:321,96
DA:322,65
DA:324,23
DA:325,20
DA:326,10
DA:327,55
DA:328,35
DA:329,18
DA:330,7
DA:331,25
DA:332,20
DA:333,32
DA:334,32
DA:335,10
DA:336,35
DA:337,18
DA:338,7
DA:340,85
DA:341,74
DA:342,2
DA:344,85
DA:349,24
DA:350,12
DA:351,34
DA:352,44
DA:353,42
DA:354,43
DA:355,40
DA:356,1
LF:168
LH:158
end_of_record
TN:
SF:src/composer/model.ts
FNF:45
FNH:42
DA:19,76
DA:20,166
DA:30,100
DA:68,61
DA:69,44
DA:70,105
DA:71,65
DA:72,36
DA:248,56
DA:249,82
DA:250,103
DA:253,32
DA:254,42
DA:255,77
DA:256,50
DA:257,58
DA:258,5
DA:259,32
DA:262,53
DA:263,24
DA:264,62
DA:265,114
DA:266,4
DA:279,1
DA:281,13
DA:282,12
DA:283,22
DA:284,10
DA:285,42
DA:286,62
DA:287,94
DA:288,132
DA:292,39
DA:293,96
DA:297,17
DA:304,10
DA:305,105
DA:306,76
DA:307,77
DA:308,61
DA:309,55
DA:310,30
DA:311,84
DA:312,84
DA:313,78
DA:314,22
DA:315,65
DA:316,12
DA:319,52
DA:320,90
DA:321,214
DA:322,23
DA:325,26
DA:326,53
DA:329,49
DA:330,125
DA:333,33
DA:334,26
DA:335,10
DA:336,28
DA:337,56
DA:338,78
DA:339,98
DA:340,28
DA:341,103
DA:342,49
DA:345,24
DA:346,48
DA:347,70
DA:350,35
DA:351,136
DA:356,91
DA:357,187
DA:362,54
DA:363,72
DA:364,148
DA:365,34
DA:366,40
DA:367,64
DA:368,24
DA:369,38
DA:370,124
DA:371,52
DA:372,58
DA:373,68
DA:374,65
DA:375,65
DA:376,73
DA:377,14
DA:378,31
DA:383,59
DA:384,72
DA:385,148
DA:386,34
DA:387,40
DA:388,64
DA:389,24
DA:390,38
DA:391,124
DA:392,52
DA:393,62
DA:394,44
DA:395,152
DA:396,65
DA:397,73
DA:398,14
DA:399,31
DA:402,56
DA:403,72
DA:404,174
DA:405,34
DA:406,44
DA:407,64
DA:408,24
DA:409,38
DA:410,118
DA:411,52
DA:412,82
DA:413,92
DA:414,46
DA:415,68
DA:416,53
DA:417,14
DA:418,31
DA:421,53
DA:422,72
DA:423,168
DA:424,34
DA:425,38
DA:426,64
DA:427,24
DA:428,38
DA:429,124
DA:430,52
DA:431,82
DA:432,92
DA:433,46
DA:434,74
DA:435,53
DA:436,14
DA:437,31
DA:442,64
DA:443,96
DA:444,97
DA:445,74
DA:446,32
DA:447,50
DA:448,58
DA:449,58
DA:450,56
DA:454,112
DA:455,115
DA:456,8
DA:457,12
DA:458,82
DA:459,99
DA:460,52
DA:461,74
DA:462,58
DA:463,14
DA:464,79
DA:465,112
DA:466,70
DA:467,46
DA:468,48
DA:469,46
DA:470,62
DA:471,10
DA:472,9
DA:477,38
DA:478,72
DA:479,82
DA:480,96
DA:481,45
DA:482,173
DA:483,63
DA:484,45
DA:485,126
DA:488,118
DA:489,66
DA:490,31
DA:491,63
DA:493,72
DA:494,47
DA:495,79
DA:498,48
DA:499,72
DA:500,59
DA:501,95
DA:502,127
DA:503,24
DA:504,46
DA:505,45
DA:506,192
DA:507,19
DA:509,79
DA:513,7
DA:514,18
DA:515,22
DA:516,10
DA:517,138
DA:518,102
DA:519,114
DA:520,92
DA:521,67
DA:522,57
DA:523,68
DA:524,70
DA:525,87
DA:526,13
DA:527,9
DA:528,137
DA:531,8
DA:532,16
DA:533,10
DA:534,72
DA:535,91
DA:536,98
DA:537,68
DA:538,143
DA:541,26
DA:542,41
DA:546,42
DA:547,44
DA:549,29
DA:550,32
DA:552,27
DA:553,37
DA:555,29
DA:556,35
DA:558,0
DA:559,31
DA:561,0
DA:562,30
DA:568,26
DA:569,52
DA:570,52
DA:571,105
DA:572,50
DA:573,38
DA:574,76
DA:575,24
DA:576,32
DA:577,48
DA:578,46
DA:579,18
DA:580,68
DA:581,76
DA:582,58
DA:583,50
DA:584,23
DA:587,71
DA:588,100
DA:589,50
DA:590,68
DA:592,67
DA:593,49
DA:596,194
DA:597,35
DA:598,156
DA:599,176
DA:600,95
DA:601,87
DA:603,78
DA:604,89
DA:605,98
DA:606,124
DA:607,124
DA:608,55
DA:609,97
DA:610,39
DA:611,160
DA:612,8
DA:613,8
DA:614,40
DA:615,140
DA:616,8
DA:617,20
DA:618,13
DA:619,31
DA:620,137
DA:621,66
DA:622,48
DA:623,48
DA:624,52
DA:625,42
DA:626,23
DA:627,84
DA:628,114
DA:629,60
DA:630,112
DA:631,124
DA:632,94
DA:633,22
DA:634,166
DA:636,9
DA:638,78
DA:639,57
DA:640,108
DA:641,32
DA:642,50
DA:643,48
DA:644,48
DA:645,38
DA:646,54
DA:647,40
DA:648,8
DA:649,2
DA:650,12
DA:651,93
DA:656,22
DA:657,36
DA:658,44
DA:659,44
DA:660,44
DA:661,84
DA:662,64
DA:663,99
DA:664,89
DA:665,123
DA:666,4
DA:667,23
DA:670,42
DA:671,88
DA:672,38
DA:673,56
DA:674,43
DA:675,14
DA:676,38
DA:677,75
DA:678,34
DA:679,104
DA:680,126
DA:681,9
DA:682,38
DA:683,98
DA:684,84
DA:685,106
DA:686,22
DA:688,2
LF:340
LH:338
end_of_record
TN:
SF:src/composer/overlap.ts
FNF:12
FNH:11
DA:79,26
DA:80,34
DA:81,38
DA:83,7
DA:84,88
DA:89,10
DA:90,12
DA:91,64
DA:92,64
DA:93,61
DA:94,2
DA:99,6
DA:100,3
DA:101,3
DA:102,11
DA:103,3
DA:104,37
DA:105,40
DA:106,39
DA:107,56
DA:109,28
DA:110,36
DA:111,2
DA:113,14
DA:114,28
DA:115,29
DA:116,2
DA:118,49
DA:119,31
DA:120,35
DA:122,12
DA:123,12
DA:124,12
DA:125,58
DA:126,25
DA:127,15
DA:128,48
DA:129,2
DA:133,27
DA:134,17
DA:135,42
DA:136,48
DA:137,54
DA:138,28
DA:139,2
DA:140,2
DA:141,12
DA:142,11
DA:146,27
DA:147,42
DA:148,48
DA:149,53
DA:150,2
DA:151,2
DA:152,12
DA:159,6
DA:160,10
DA:161,10
DA:162,5
DA:163,13
DA:164,11
DA:165,3
DA:167,53
DA:168,53
DA:169,53
DA:170,61
DA:171,61
DA:172,61
DA:174,27
DA:175,27
DA:176,27
DA:180,34
DA:181,35
DA:182,54
DA:183,54
DA:185,26
DA:186,25
DA:187,26
DA:188,82
DA:192,12
DA:193,40
DA:194,12
DA:195,12
DA:196,7
DA:197,16
DA:198,12
DA:199,4
DA:200,30
DA:205,6
DA:206,8
DA:207,11
DA:208,3
DA:209,56
DA:213,21
DA:214,68
DA:215,40
DA:216,58
DA:217,91
DA:218,4
DA:219,67
LF:100
LH:100
end_of_record
TN:
SF:src/composer/presentation.ts
FNF:14
FNH:14
DA:1,24
DA:3,100
DA:5,78
DA:7,57
DA:9,35
DA:10,47
DA:11,64
DA:12,12
DA:13,9
DA:14,7
DA:15,9
DA:16,40
DA:18,22
DA:19,10
DA:20,5
DA:21,8
DA:22,12
DA:23,44
DA:24,38
DA:25,3
DA:26,11
DA:27,17
DA:28,15
DA:29,11
DA:30,31
DA:31,28
DA:32,26
DA:33,23
DA:34,2
DA:35,9
DA:36,31
DA:37,30
DA:38,0
DA:39,2
DA:40,79
DA:45,30
DA:46,0
DA:47,0
DA:48,0
DA:49,0
DA:50,0
DA:51,2
DA:52,35
DA:53,0
DA:54,2
DA:55,19
DA:56,52
DA:57,52
DA:58,49
DA:59,4
DA:60,89
DA:61,0
DA:62,1
DA:63,3
DA:65,38
DA:66,68
DA:67,8
DA:68,12
DA:69,44
DA:70,41
DA:71,49
DA:72,47
DA:73,3
DA:74,11
DA:75,23
DA:76,17
DA:77,12
DA:78,46
DA:79,37
DA:80,3
DA:81,11
DA:82,46
DA:83,1
DA:90,19
DA:91,73
DA:92,0
DA:93,2
DA:94,99
DA:95,56
DA:96,20
DA:97,21
DA:98,21
DA:99,105
DA:100,5
DA:101,2
DA:102,22
DA:103,24
DA:104,72
DA:105,65
DA:106,43
DA:107,23
DA:108,0
DA:109,0
DA:110,0
DA:111,0
DA:112,0
DA:113,4
DA:114,23
DA:115,89
DA:116,0
DA:117,0
DA:118,0
DA:119,0
DA:120,0
DA:121,4
DA:122,60
DA:123,27
DA:124,22
DA:125,23
DA:126,41
DA:127,43
DA:128,7
DA:129,4
DA:130,20
DA:131,88
DA:132,22
DA:133,23
DA:134,43
DA:135,51
DA:136,7
DA:137,2
DA:138,2
DA:142,47
DA:143,36
DA:144,9
DA:145,33
DA:148,45
DA:149,13
DA:150,30
DA:151,94
DA:152,2
DA:153,9
DA:154,33
DA:159,16
DA:160,31
DA:161,51
DA:164,16
DA:165,31
DA:166,48
DA:169,11
DA:170,91
DA:171,65
DA:172,28
DA:182,60
DA:183,33
DA:184,57
DA:185,65
DA:186,40
DA:187,20
DA:188,39
DA:189,30
DA:190,4
DA:191,14
DA:192,7
DA:193,24
DA:194,34
DA:195,28
DA:196,24
DA:197,20
DA:198,17
DA:199,16
DA:200,17
DA:201,12
DA:202,6
DA:203,7
DA:204,23
DA:205,34
DA:206,31
DA:207,24
DA:208,20
DA:209,17
DA:210,16
DA:211,17
DA:212,12
DA:213,6
DA:214,7
DA:215,26
DA:216,34
DA:217,29
DA:218,24
DA:219,20
DA:220,17
DA:221,16
DA:222,17
DA:223,12
DA:224,3
DA:225,2
DA:226,1
DA:227,3
DA:230,11
DA:231,73
DA:235,6
DA:236,17
DA:237,3
DA:238,43
DA:239,44
DA:240,17
DA:241,3
DA:244,16
DA:245,65
DA:248,16
DA:249,61
DA:264,10
DA:265,76
DA:268,6
DA:269,15
DA:270,9
DA:271,3
DA:272,62
DA:273,58
DA:274,0
DA:275,2
DA:276,93
DA:277,0
DA:278,2
DA:279,59
DA:280,0
DA:281,2
DA:282,4
DA:283,54
DA:284,44
DA:285,45
DA:286,9
DA:287,51
DA:288,47
DA:289,39
DA:290,37
DA:291,37
DA:292,33
DA:293,28
DA:295,2
DA:296,5
DA:297,53
DA:298,2
DA:299,4
DA:300,55
DA:301,66
DA:302,0
DA:303,0
DA:304,2
DA:305,78
DA:306,0
DA:307,2
DA:308,19
LF:244
LH:219
end_of_record
TN:
SF:src/composer/reachability.ts
FNF:22
FNH:20
DA:1,24
DA:2,74
DA:7,101
DA:13,47
DA:14,100
DA:15,77
DA:17,78
DA:18,83
DA:20,35
DA:21,39
DA:22,38
DA:23,48
DA:24,54
DA:25,55
DA:26,93
DA:27,3
DA:29,45
DA:30,10
DA:31,68
DA:32,8
DA:33,12
DA:34,17
DA:35,32
DA:36,44
DA:37,42
DA:38,3
DA:39,11
DA:40,9
DA:41,12
DA:42,42
DA:43,49
DA:44,38
DA:45,3
DA:46,11
DA:47,10
DA:48,12
DA:49,57
DA:50,52
DA:51,3
DA:52,11
DA:53,17
DA:54,63
DA:55,7
DA:56,8
DA:57,2
DA:58,9
DA:59,33
DA:60,56
DA:61,0
DA:62,2
DA:63,4
DA:64,92
DA:65,0
DA:66,0
DA:67,0
DA:68,0
DA:69,0
DA:70,0
DA:71,1
DA:72,3
DA:119,16
DA:120,31
DA:121,49
DA:124,0
DA:133,1
DA:134,7
DA:135,7
DA:136,3
DA:137,32
DA:138,32
DA:139,68
DA:140,14
DA:141,73
DA:142,0
DA:143,0
DA:144,0
DA:145,0
DA:146,0
DA:147,0
DA:150,23
DA:151,65
DA:152,65
DA:153,55
DA:156,1
DA:157,7
DA:158,11
DA:159,7
DA:160,3
DA:161,74
DA:162,93
DA:163,19
DA:164,40
DA:165,57
DA:166,51
DA:167,68
DA:168,63
DA:169,14
DA:170,0
DA:171,0
DA:172,0
DA:173,0
DA:174,0
DA:175,0
DA:176,6
DA:177,57
DA:178,64
DA:179,60
DA:180,23
DA:181,50
DA:182,68
DA:183,27
DA:184,11
DA:185,8
DA:186,6
DA:187,66
DA:188,8
DA:189,4
DA:190,48
DA:191,11
DA:192,19
DA:193,18
DA:194,18
DA:195,27
DA:196,31
DA:197,29
DA:198,1
DA:199,4
DA:200,2
DA:201,12
DA:204,1
DA:205,10
DA:206,10
DA:207,3
DA:208,94
DA:209,91
DA:210,94
DA:211,13
DA:212,0
DA:215,20
DA:216,12
DA:217,63
DA:218,60
DA:219,2
DA:222,6
DA:223,12
DA:224,15
DA:225,15
DA:226,3
DA:227,49
DA:228,62
DA:229,20
DA:230,65
DA:231,31
DA:232,57
DA:233,35
DA:234,46
DA:235,27
DA:236,0
DA:237,0
DA:238,0
DA:239,0
DA:240,10
DA:241,89
DA:242,7
DA:243,21
DA:244,47
DA:245,51
DA:246,7
DA:247,13
DA:248,62
DA:249,38
DA:250,57
DA:252,2
DA:254,24
DA:255,23
DA:256,37
DA:257,40
DA:258,31
DA:259,54
DA:260,0
DA:261,0
DA:262,0
DA:263,0
DA:264,0
DA:265,0
DA:266,0
DA:267,0
DA:268,6
DA:269,25
DA:270,66
DA:271,4
DA:272,98
DA:273,47
DA:276,19
DA:277,47
DA:278,51
DA:279,47
DA:280,32
DA:281,57
DA:282,32
DA:283,23
DA:284,9
DA:285,19
DA:286,0
DA:287,0
DA:288,0
DA:289,0
DA:290,0
DA:291,0
DA:292,0
DA:293,0
DA:294,6
DA:295,60
DA:296,10
DA:297,0
DA:298,0
DA:299,0
DA:300,0
DA:301,0
DA:302,0
DA:303,0
DA:304,0
DA:305,6
DA:306,4
DA:307,10
DA:308,27
DA:309,27
DA:310,62
DA:311,2
DA:312,9
DA:313,23
DA:314,35
DA:315,49
DA:316,26
DA:317,22
DA:318,11
DA:319,29
DA:320,4
DA:321,4
DA:322,43
DA:323,81
DA:324,8
DA:325,4
DA:326,50
DA:327,47
DA:328,48
DA:329,26
DA:330,56
DA:331,19
DA:332,23
DA:333,25
DA:334,36
DA:335,61
DA:336,23
DA:337,40
DA:338,51
DA:339,23
DA:340,11
DA:341,24
DA:342,5
DA:343,6
DA:344,38
DA:345,24
DA:346,22
DA:347,71
DA:348,53
DA:349,48
DA:350,32
DA:351,15
DA:352,15
DA:353,16
DA:354,13
DA:355,11
DA:356,56
DA:357,4
DA:358,15
DA:359,15
DA:360,34
DA:361,35
DA:362,33
DA:364,16
DA:365,60
DA:366,98
DA:367,16
DA:368,76
DA:369,41
DA:370,23
DA:371,4
DA:372,4
DA:373,20
DA:374,98
DA:375,8
DA:376,4
DA:377,29
DA:378,0
DA:379,0
DA:380,0
DA:381,0
DA:382,0
DA:383,0
DA:384,0
DA:385,4
DA:386,21
DA:387,9
DA:388,15
DA:389,9
DA:390,37
DA:391,7
DA:392,24
DA:393,4
DA:394,20
DA:395,84
DA:396,2
DA:397,12
DA:398,57
DA:399,50
DA:400,54
DA:401,83
DA:402,17
DA:403,18
DA:404,10
DA:405,8
DA:406,1
LF:323
LH:267
end_of_record
TN:
SF:src/composer/render-port.ts
FNF:7
FNH:7
DA:1,62
DA:276,35
DA:277,8
DA:278,13
DA:279,9
DA:280,15
DA:281,12
DA:282,10
DA:283,11
DA:284,19
DA:285,2
DA:287,17
DA:288,4
DA:289,25
DA:290,22
DA:291,77
DA:293,2
DA:294,37
DA:297,17
DA:298,58
DA:299,0
DA:300,2
DA:301,13
DA:305,16
DA:306,64
DA:307,0
DA:308,2
DA:309,23
DA:310,43
DA:311,38
DA:312,2
DA:313,71
DA:314,0
DA:315,2
DA:316,37
DA:317,39
DA:318,4
DA:319,35
DA:320,30
DA:321,28
DA:322,0
DA:323,0
DA:324,4
DA:325,62
DA:326,83
DA:327,35
DA:328,0
DA:329,6
DA:330,16
DA:331,4
DA:332,2
DA:333,33
DA:334,70
DA:335,41
DA:336,89
DA:337,2
DA:338,46
DA:339,48
DA:340,32
DA:341,82
DA:342,2
DA:343,18
DA:344,76
DA:345,77
DA:346,2
DA:347,38
DA:348,41
DA:349,83
DA:350,4
DA:351,72
DA:352,88
DA:353,4
DA:354,69
DA:355,77
DA:356,4
DA:357,94
DA:358,0
DA:359,4
DA:360,60
DA:361,64
DA:362,0
DA:363,6
DA:364,27
DA:365,77
DA:366,59
DA:367,82
DA:368,8
DA:369,13
DA:370,6
DA:371,96
DA:372,47
DA:373,32
DA:374,6
DA:375,6
DA:376,100
DA:377,94
DA:378,82
DA:379,4
DA:380,92
DA:381,0
DA:382,0
DA:383,6
DA:384,37
DA:385,77
DA:386,6
DA:387,22
DA:388,32
DA:389,32
DA:390,29
DA:391,8
DA:392,23
DA:393,42
DA:394,42
DA:395,39
DA:396,8
DA:397,91
DA:398,20
DA:399,71
DA:400,1
DA:401,6
DA:402,32
DA:403,35
DA:404,59
DA:405,0
DA:406,8
DA:407,20
DA:409,38
DA:410,38
DA:411,34
DA:412,32
DA:413,33
DA:414,0
DA:415,6
DA:416,23
DA:417,6
DA:418,21
DA:419,6
DA:420,23
DA:421,84
DA:422,56
DA:423,87
DA:424,88
DA:425,6
DA:426,58
DA:427,4
DA:428,19
DA:429,0
DA:430,3
DA:431,47
DA:432,4
DA:433,47
DA:434,35
DA:435,62
DA:436,37
DA:437,7
DA:438,83
DA:439,4
DA:440,52
DA:441,2
DA:442,14
DA:451,78
LF:161
LH:148
end_of_record
TN:
SF:src/composer/terrain-runtime.ts
FNF:37
FNH:37
DA:8,80
DA:9,150
DA:11,85
DA:13,16
DA:14,18
DA:15,23
DA:16,45
DA:66,51
DA:68,19
DA:69,42
DA:72,17
DA:73,75
DA:74,2
DA:75,12
DA:78,23
DA:79,32
DA:80,40
DA:81,29
DA:82,87
DA:85,17
DA:86,62
DA:87,12
DA:90,17
DA:91,37
DA:92,21
DA:93,13
DA:96,27
DA:97,65
DA:98,2
DA:99,36
DA:100,73
DA:101,12
DA:104,39
DA:105,53
DA:106,82
DA:107,58
DA:108,44
DA:109,13
DA:112,17
DA:113,36
DA:114,26
DA:115,24
DA:116,78
DA:117,14
DA:118,11
DA:119,51
DA:120,72
DA:121,95
DA:122,1
DA:123,2
DA:124,44
DA:125,74
DA:126,89
DA:127,0
DA:128,2
DA:129,12
DA:130,9
DA:131,86
DA:132,62
DA:133,93
DA:134,2
DA:138,16
DA:139,45
DA:140,10
DA:141,7
DA:142,5
DA:143,20
DA:144,11
DA:145,13
DA:146,15
DA:147,12
DA:148,13
DA:149,17
DA:150,16
DA:151,16
DA:152,13
DA:153,11
DA:154,3
DA:155,13
DA:156,4
DA:157,28
DA:158,0
DA:159,2
DA:160,70
DA:161,73
DA:162,64
DA:163,2
DA:164,77
DA:165,0
DA:166,2
DA:167,69
DA:168,23
DA:169,12
DA:170,15
DA:171,54
DA:172,53
DA:173,63
DA:174,10
DA:175,11
DA:176,67
DA:177,14
DA:178,66
DA:179,96
DA:180,45
DA:181,73
DA:182,3
DA:183,1
DA:186,11
DA:187,81
DA:188,30
DA:189,63
DA:190,78
DA:191,35
DA:192,24
DA:193,30
DA:194,7
DA:195,66
DA:196,12
DA:197,0
DA:198,0
DA:201,16
DA:202,23
DA:203,40
DA:204,40
DA:205,24
DA:206,39
DA:207,24
DA:208,39
DA:209,24
DA:210,34
DA:213,55
DA:215,16
DA:216,27
DA:217,27
DA:218,28
DA:219,28
DA:220,88
DA:221,99
DA:222,36
DA:225,6
DA:226,7
DA:227,3
DA:228,53
DA:229,52
DA:230,62
DA:231,64
DA:232,67
DA:233,66
DA:234,63
DA:235,23
DA:236,65
DA:237,23
DA:238,15
DA:239,9
DA:240,11
DA:241,13
DA:242,10
DA:243,11
DA:244,15
DA:245,14
DA:246,14
DA:247,15
DA:248,68
DA:249,35
DA:250,44
DA:251,46
DA:252,43
DA:253,33
DA:254,81
DA:255,1
DA:256,3
DA:257,4
DA:258,55
DA:259,37
DA:262,1
DA:263,3
DA:264,3
DA:265,7
DA:266,5
DA:267,3
DA:268,31
DA:269,31
DA:270,42
DA:271,10
DA:272,21
DA:273,2
DA:274,87
DA:275,37
DA:276,37
DA:277,48
DA:280,17
DA:281,30
DA:282,7
DA:283,57
DA:284,53
DA:286,2
DA:287,58
DA:288,20
DA:289,9
DA:290,4
DA:291,18
DA:292,74
DA:293,2
DA:296,6
DA:297,8
DA:298,13
DA:299,3
DA:300,54
DA:301,88
DA:302,51
DA:303,2
DA:304,40
DA:305,32
DA:306,53
DA:307,63
DA:308,66
DA:309,63
DA:310,105
DA:311,4
DA:312,2
DA:313,2
DA:314,42
DA:315,13
DA:316,44
DA:317,9
DA:318,3
DA:322,17
DA:323,82
DA:326,17
DA:327,58
DA:328,57
DA:329,52
DA:330,2
DA:331,12
DA:335,16
DA:336,71
DA:337,64
DA:338,67
DA:339,58
DA:340,2
DA:341,16
DA:344,16
DA:345,52
DA:346,34
DA:347,18
DA:348,35
DA:349,4
DA:350,90
DA:351,76
DA:354,17
DA:355,54
DA:356,77
DA:357,78
DA:358,34
DA:359,37
DA:360,41
DA:361,97
DA:362,97
DA:363,29
DA:364,29
DA:365,52
DA:366,53
DA:367,22
DA:368,22
DA:369,12
DA:370,56
DA:371,52
DA:372,15
DA:373,56
DA:374,52
DA:375,38
DA:377,31
DA:378,72
DA:379,73
DA:380,72
DA:381,70
DA:382,90
DA:383,81
DA:384,41
DA:385,50
DA:387,30
DA:391,17
DA:392,54
DA:393,46
DA:394,23
DA:395,21
DA:396,21
DA:397,51
DA:398,61
DA:399,64
DA:400,61
DA:401,76
DA:402,44
DA:403,2
DA:404,2
DA:405,55
DA:406,65
DA:407,46
DA:408,22
DA:409,35
DA:410,22
DA:411,35
DA:412,2
DA:413,2
DA:414,38
LF:305
LH:300
end_of_record
TN:
SF:src/composer/terrain.ts
FNF:1
FNH:0
DA:2,24
DA:3,75
DA:5,35
DA:6,39
DA:7,69
DA:9,67
DA:10,2
DA:11,12
DA:12,35
DA:13,42
DA:14,33
DA:15,22
DA:16,3
DA:17,11
DA:18,2
DA:19,12
DA:20,27
DA:21,17
DA:22,30
DA:23,22
DA:24,3
DA:25,9
DA:26,3
DA:28,44
DA:29,10
DA:30,67
DA:31,32
DA:32,15
DA:33,30
DA:34,42
DA:35,43
DA:36,21
DA:37,34
DA:38,31
DA:39,48
DA:40,36
DA:41,2
DA:42,9
DA:43,0
DA:44,0
DA:45,0
DA:46,0
DA:47,0
DA:48,0
DA:49,0
DA:51,3
DA:53,33
LF:47
LH:40
end_of_record
TN:
SF:src/composer/world-document.ts
FNF:65
FNH:65
DA:9,24
DA:18,64
DA:19,64
DA:21,64
DA:23,35
DA:24,39
DA:25,69
DA:26,47
DA:27,98
DA:28,46
DA:29,28
DA:30,9
DA:31,83
DA:33,22
DA:34,33
DA:35,9
DA:36,31
DA:37,40
DA:38,40
DA:39,0
DA:40,0
DA:41,0
DA:42,0
DA:43,0
DA:44,2
DA:45,1
DA:46,3
DA:48,55
DA:49,99
DA:50,58
DA:51,35
DA:52,11
DA:53,11
DA:54,10
DA:55,10
DA:56,9
DA:57,11
DA:58,8
DA:59,10
DA:60,9
DA:61,3
DA:63,24
DA:64,10
DA:65,65
DA:66,23
DA:67,36
DA:68,2
DA:69,10
DA:71,56
DA:72,2
DA:73,12
DA:74,28
DA:75,14
DA:76,14
DA:77,26
DA:78,23
DA:79,3
DA:80,11
DA:81,2
DA:82,12
DA:83,29
DA:84,29
DA:85,19
DA:86,28
DA:87,17
DA:88,12
DA:89,3
DA:90,9
DA:91,3
DA:93,25
DA:94,10
DA:95,18
DA:96,12
DA:97,15
DA:98,14
DA:99,11
DA:100,16
DA:101,11
DA:102,10
DA:103,13
DA:104,14
DA:105,5
DA:106,26
DA:107,33
DA:108,2
DA:109,10
DA:111,29
DA:112,9
DA:113,7
DA:114,10
DA:115,6
DA:116,9
DA:117,24
DA:118,23
DA:119,22
DA:120,22
DA:121,37
DA:122,91
DA:123,51
DA:124,3
DA:126,24
DA:127,10
DA:128,27
DA:129,9
DA:130,49
DA:131,2
DA:132,10
DA:134,21
DA:135,10
DA:136,20
DA:137,35
DA:138,25
DA:139,23
DA:140,46
DA:141,64
DA:142,35
DA:143,33
DA:144,2
DA:145,10
DA:147,22
DA:148,10
DA:149,17
DA:150,25
DA:151,13
DA:152,12
DA:153,19
DA:154,25
DA:155,33
DA:156,3
DA:157,11
DA:158,19
DA:159,33
DA:160,34
DA:161,13
DA:162,34
DA:163,53
DA:164,55
DA:165,81
DA:166,3
DA:167,13
DA:168,14
DA:169,12
DA:170,34
DA:171,57
DA:172,46
DA:173,15
DA:174,69
DA:175,9
DA:176,15
DA:177,16
DA:178,6
DA:179,2
DA:180,14
DA:181,36
DA:182,43
DA:183,41
DA:184,33
DA:185,28
DA:186,3
DA:187,8
DA:188,2
DA:189,9
DA:190,12
DA:191,3
DA:192,9
DA:193,2
DA:194,10
DA:196,20
DA:197,10
DA:198,17
DA:199,68
DA:200,41
DA:201,92
DA:202,91
DA:203,3
DA:204,2
DA:205,10
DA:207,20
DA:208,10
DA:209,17
DA:210,41
DA:211,29
DA:212,2
DA:213,10
DA:215,22
DA:216,10
DA:217,17
DA:218,37
DA:219,17
DA:220,23
DA:221,72
DA:222,44
DA:223,46
DA:224,2
DA:225,9
DA:226,31
DA:227,63
DA:228,0
DA:229,0
DA:230,0
DA:231,0
DA:232,0
DA:233,2
DA:234,66
DA:235,0
DA:236,0
DA:237,0
DA:238,0
DA:239,0
DA:240,1
DA:241,3
DA:243,53
DA:244,65
DA:245,80
DA:246,3
DA:248,33
DA:249,10
DA:250,20
DA:251,25
DA:252,2
DA:253,10
DA:255,21
DA:256,10
DA:257,17
DA:258,17
DA:259,23
DA:260,35
DA:261,2
DA:262,10
DA:264,32
DA:265,10
DA:266,41
DA:267,31
DA:268,38
DA:269,47
DA:270,2
DA:271,10
DA:273,37
DA:274,23
DA:275,29
DA:276,32
DA:277,50
DA:278,18
DA:279,2
DA:280,31
DA:283,28
DA:284,10
DA:285,55
DA:286,42
DA:287,2
DA:288,10
DA:290,28
DA:291,21
DA:292,20
DA:293,35
DA:294,19
DA:295,27
DA:296,31
DA:297,42
DA:298,2
DA:300,74
DA:301,57
DA:302,2
DA:303,15
DA:304,22
DA:305,29
DA:306,13
DA:307,25
DA:308,25
DA:309,9
DA:310,14
DA:311,16
DA:312,19
DA:313,3
DA:314,9
DA:315,12
DA:316,3
DA:317,11
DA:318,2
DA:319,15
DA:320,22
DA:321,31
DA:322,17
DA:323,44
DA:324,33
DA:325,22
DA:326,3
DA:327,11
DA:328,2
DA:329,15
DA:330,22
DA:331,28
DA:332,17
DA:333,44
DA:334,33
DA:335,22
DA:336,3
DA:337,9
DA:338,3
DA:341,35
DA:342,10
DA:343,35
DA:344,32
DA:345,11
DA:346,6
DA:347,2
DA:348,12
DA:349,37
DA:350,23
DA:351,48
DA:352,66
DA:353,37
DA:354,34
DA:355,3
DA:356,8
DA:357,2
DA:358,11
DA:359,50
DA:360,44
DA:361,38
DA:362,52
DA:363,2
DA:364,9
DA:365,30
DA:366,37
DA:367,55
DA:368,91
DA:369,5
DA:371,7
DA:372,48
DA:373,9
DA:374,4
DA:375,7
DA:376,53
DA:377,12
DA:378,4
DA:379,7
DA:380,52
DA:381,12
DA:382,4
DA:384,78
DA:385,65
DA:386,46
DA:387,52
DA:388,22
DA:389,23
DA:390,52
DA:391,63
DA:392,7
DA:393,2
DA:394,1
DA:395,3
DA:398,38
DA:399,10
DA:400,61
DA:401,22
DA:402,35
DA:403,32
DA:404,40
DA:405,42
DA:406,38
DA:407,25
DA:408,12
DA:409,12
DA:410,40
DA:411,40
DA:412,42
DA:413,3
DA:414,11
DA:415,64
DA:416,40
DA:418,58
DA:419,74
DA:420,14
DA:421,12
DA:422,61
DA:423,57
DA:424,19
DA:425,9
DA:426,80
DA:427,12
DA:428,3
DA:429,9
DA:430,2
DA:431,9
DA:432,30
DA:433,37
DA:434,55
DA:435,91
DA:436,5
DA:438,7
DA:439,40
DA:440,8
DA:441,4
DA:442,7
DA:443,47
DA:444,8
DA:445,4
DA:446,7
DA:447,40
DA:448,9
DA:449,4
DA:450,7
DA:451,43
DA:452,10
DA:453,4
DA:454,7
DA:455,43
DA:456,10
DA:457,4
DA:458,7
DA:459,49
[...]
DA:13,21
DA:14,38
DA:16,27
DA:29,6
DA:30,7
DA:31,6
DA:32,18
DA:33,3
DA:34,87
DA:35,46
DA:36,47
DA:37,48
DA:39,50
DA:40,44
DA:41,31
DA:42,35
DA:43,33
DA:44,2
DA:46,42
DA:47,26
DA:48,43
DA:49,16
DA:50,98
DA:51,1
DA:52,4
DA:53,25
DA:54,37
DA:55,40
DA:56,40
DA:57,36
DA:58,31
DA:59,46
DA:60,54
DA:61,2
DA:62,2
DA:64,36
DA:87,6
DA:88,6
DA:89,18
DA:90,7
DA:91,3
DA:92,89
DA:93,47
DA:94,16
DA:95,101
DA:96,1
DA:97,2
DA:98,50
DA:99,32
DA:100,29
DA:101,49
DA:102,16
DA:103,95
DA:104,1
DA:105,2
DA:106,2
DA:107,15
DA:110,94
DA:111,2
DA:112,49
DA:113,25
DA:114,6
DA:115,4
DA:116,4
DA:117,76
LF:67
LH:67
end_of_record
TN:
SF:src/views/index.ts
FNF:35
FNH:34
DA:1,77
DA:2,80
DA:4,49
DA:5,32
DA:6,128
DA:16,53
DA:17,25
DA:18,33
DA:34,75
DA:41,34
DA:42,34
DA:43,43
DA:44,46
DA:45,47
DA:46,108
DA:55,61
DA:56,79
DA:63,49
DA:64,54
DA:70,209
DA:84,63
DA:85,72
DA:86,45
DA:88,185
DA:105,76
DA:106,62
DA:108,55
DA:109,152
DA:123,151
DA:134,69
DA:136,189
DA:144,136
DA:155,120
DA:177,94
DA:219,16
DA:220,16
DA:221,19
DA:222,19
DA:223,18
DA:226,1
DA:227,5
DA:228,7
DA:229,5
DA:230,3
DA:231,20
DA:232,37
DA:234,17
DA:235,50
DA:236,5
DA:237,50
DA:238,50
DA:239,47
DA:240,1
DA:241,2
DA:242,35
DA:243,59
DA:244,42
DA:245,90
DA:246,5
DA:247,29
DA:249,28
DA:250,37
DA:251,41
DA:252,33
DA:253,72
DA:254,35
DA:255,55
DA:257,21
DA:258,0
DA:259,0
DA:260,11
DA:261,66
DA:262,54
DA:265,22
DA:266,20
DA:267,0
DA:268,0
DA:269,13
DA:270,46
DA:271,78
DA:273,2
DA:274,12
DA:278,6
DA:279,6
DA:280,7
DA:281,3
DA:282,28
DA:283,34
DA:284,19
DA:286,36
DA:287,18
DA:288,18
DA:289,33
DA:290,48
DA:291,67
DA:292,35
DA:293,61
DA:294,37
DA:295,4
DA:296,2
DA:297,4
DA:298,28
DA:331,6
DA:332,6
DA:333,10
DA:334,3
DA:340,52
DA:341,2
DA:342,32
DA:352,86
DA:353,45
DA:354,42
DA:355,69
DA:356,34
DA:362,62
DA:363,63
DA:365,61
DA:366,17
DA:367,19
DA:368,45
DA:369,36
DA:370,29
DA:371,11
DA:372,41
DA:373,31
DA:374,35
DA:375,55
DA:376,5
DA:377,6
DA:378,13
DA:379,43
DA:380,71
DA:381,32
DA:382,50
DA:383,13
DA:384,8
DA:385,36
DA:386,7
DA:387,9
DA:388,50
DA:389,59
DA:390,15
DA:391,13
DA:392,45
DA:393,2
DA:394,16
DA:395,86
DA:396,20
DA:397,21
DA:398,47
DA:399,24
DA:400,21
DA:401,22
DA:402,1
DA:403,8
DA:404,50
DA:405,37
DA:406,71
DA:408,44
DA:409,19
DA:410,2
DA:411,70
DA:413,44
DA:414,49
DA:415,12
DA:416,8
DA:417,10
DA:418,11
DA:419,34
DA:420,71
DA:421,33
DA:422,81
DA:423,3
DA:424,1
DA:436,10
DA:437,38
DA:438,88
DA:439,90
DA:453,6
DA:454,7
DA:455,6
DA:456,13
DA:457,3
DA:458,44
DA:459,60
DA:460,35
DA:461,28
DA:462,72
DA:463,0
DA:464,0
DA:465,0
DA:466,0
DA:467,2
DA:468,12
DA:469,36
DA:470,16
DA:471,17
DA:472,55
DA:473,36
DA:474,32
DA:475,37
DA:476,2
DA:480,6
DA:481,7
DA:482,13
DA:483,3
DA:487,44
DA:488,60
DA:489,63
DA:490,84
DA:491,15
DA:492,9
DA:493,55
DA:494,36
DA:495,32
DA:496,37
DA:497,1
DA:501,1
DA:502,3
DA:503,8
DA:504,3
DA:505,24
DA:506,24
DA:507,31
DA:508,45
DA:509,52
DA:510,27
DA:511,25
DA:512,2
DA:513,20
DA:522,6
DA:523,6
DA:524,10
DA:525,3
DA:526,67
DA:527,46
DA:528,15
DA:529,35
DA:530,17
DA:531,52
DA:541,23
DA:542,43
DA:543,43
DA:544,42
DA:545,42
DA:546,44
DA:547,55
DA:548,2
DA:549,30
DA:550,25
DA:551,24
DA:552,32
DA:553,27
DA:554,31
DA:555,16
DA:556,17
DA:557,1
DA:559,10
DA:560,30
DA:561,7
DA:562,14
DA:563,26
DA:564,7
DA:565,91
DA:640,6
DA:641,6
DA:642,7
DA:643,10
DA:644,3
DA:645,32
DA:646,64
DA:647,41
DA:649,38
DA:650,14
DA:651,16
DA:652,16
DA:653,21
DA:654,49
DA:655,22
DA:656,1
DA:657,2
DA:659,38
DA:660,54
DA:661,17
DA:662,14
DA:663,16
DA:664,16
DA:665,24
DA:666,36
DA:667,59
DA:668,36
DA:669,1
DA:670,2
DA:672,45
DA:673,52
DA:674,2
DA:675,34
DA:676,4
DA:677,20
DA:678,30
DA:679,30
DA:680,20
DA:681,86
DA:682,6
DA:684,2
DA:685,31
DA:686,49
DA:687,47
DA:688,83
DA:691,36
DA:692,39
DA:693,27
DA:694,39
DA:695,24
DA:696,26
DA:697,5
DA:698,33
DA:699,26
DA:700,26
DA:701,40
DA:702,38
DA:703,2
DA:704,2
DA:705,59
DA:706,44
DA:707,79
DA:708,41
DA:709,78
DA:710,90
DA:715,32
DA:716,13
DA:717,5
DA:718,69
DA:719,21
DA:720,4
DA:721,2
DA:722,25
DA:725,56
DA:726,19
DA:727,32
DA:728,42
DA:729,46
DA:730,82
DA:731,24
DA:732,77
DA:733,35
DA:734,4
DA:735,13
DA:736,37
DA:737,21
DA:738,35
DA:739,16
DA:740,57
DA:741,53
DA:742,18
DA:743,16
DA:744,48
DA:745,33
DA:746,8
DA:747,31
DA:748,57
DA:749,21
DA:750,46
DA:751,54
DA:752,0
DA:753,0
DA:754,0
DA:755,6
DA:756,25
DA:757,46
DA:758,13
DA:759,21
DA:760,0
DA:762,2
DA:763,38
DA:764,16
DA:765,48
DA:766,33
DA:767,10
DA:769,11
DA:770,6
DA:771,6
DA:772,6
DA:773,12
DA:774,12
DA:775,39
DA:776,10
DA:777,6
DA:778,19
DA:779,2
DA:781,22
DA:782,13
DA:783,24
DA:784,21
DA:785,25
DA:786,18
DA:787,43
DA:788,35
DA:789,80
DA:790,54
DA:791,4
DA:793,23
DA:794,17
DA:795,15
DA:796,18
DA:797,19
DA:798,50
DA:799,1
DA:800,2
DA:803,64
DA:804,74
DA:833,28
DA:834,40
DA:835,40
DA:836,40
DA:837,38
DA:838,2
DA:840,32
DA:841,46
DA:842,46
DA:843,47
DA:844,1
DA:846,7
DA:847,48
DA:848,43
DA:850,10
DA:851,47
DA:867,6
DA:868,6
DA:869,10
DA:870,3
DA:871,32
DA:872,56
DA:877,35
DA:878,38
DA:879,48
DA:881,17
DA:882,0
DA:883,0
DA:884,2
DA:885,22
DA:886,19
DA:887,32
DA:888,39
DA:889,37
DA:892,39
DA:893,54
DA:894,41
DA:895,45
DA:896,83
DA:897,8
DA:898,12
DA:899,6
DA:900,4
DA:901,13
DA:902,37
DA:903,58
DA:904,13
DA:905,25
DA:906,13
DA:907,13
DA:908,25
DA:909,9
DA:910,46
DA:911,54
DA:912,0
DA:913,0
DA:914,0
DA:915,6
DA:916,25
DA:917,46
DA:918,13
DA:919,76
DA:921,80
DA:922,19
DA:923,2
DA:926,87
DA:928,12
DA:929,39
DA:930,10
DA:931,11
DA:932,43
DA:933,16
DA:934,19
DA:935,54
DA:936,1
LF:486
LH:469
end_of_record
TN:
SF:src/views/inspect.ts
FNF:13
FNH:13
DA:16,81
DA:17,34
DA:20,32
DA:21,40
DA:22,34
DA:23,34
DA:25,41
DA:28,33
DA:29,19
DA:30,19
DA:31,19
DA:32,19
DA:33,22
DA:34,33
DA:35,2
DA:124,45
DA:125,19
DA:126,23
DA:127,29
DA:128,34
DA:129,66
DA:130,19
DA:131,19
DA:132,4
DA:133,12
DA:137,16
DA:138,42
DA:139,16
DA:140,12
DA:141,14
DA:142,29
DA:143,21
DA:144,49
DA:145,25
DA:146,50
DA:147,63
DA:148,4
DA:149,23
DA:155,15
DA:156,24
DA:157,24
DA:158,31
DA:159,45
DA:160,52
DA:161,27
DA:162,25
DA:163,2
DA:164,19
DA:168,7
DA:169,61
DA:182,16
DA:183,23
DA:184,40
DA:185,29
DA:186,21
DA:187,49
DA:188,23
DA:189,4
DA:197,6
DA:198,6
DA:199,11
DA:200,3
DA:201,41
DA:208,84
DA:209,70
DA:210,71
DA:211,82
DA:212,88
DA:213,36
DA:215,22
DA:216,18
DA:217,61
DA:218,4
DA:222,33
DA:224,11
DA:225,13
DA:226,23
DA:227,38
DA:228,19
DA:229,47
DA:230,17
DA:231,16
DA:232,18
DA:233,13
DA:234,13
DA:235,59
DA:236,41
DA:237,1
DA:238,4
DA:239,34
DA:240,28
DA:241,16
DA:242,18
DA:243,13
DA:244,13
DA:245,70
DA:246,41
DA:247,1
DA:248,4
DA:249,28
DA:250,15
DA:253,24
DA:254,33
DA:255,20
DA:256,2
DA:257,11
DA:258,33
DA:261,12
DA:262,13
DA:263,12
DA:264,22
DA:265,9
DA:266,37
DA:267,11
DA:268,9
DA:269,13
DA:270,9
DA:271,41
DA:272,2
DA:275,26
DA:276,50
DA:277,37
DA:278,69
DA:279,24
DA:280,35
DA:281,5
DA:282,12
DA:283,16
DA:284,46
DA:285,24
DA:286,36
DA:287,40
DA:288,24
DA:289,32
DA:290,25
DA:291,26
DA:292,51
DA:293,1
LF:138
LH:138
end_of_record
TN:
SF:src/views/measurement.ts
FNF:7
FNH:7
DA:1,38
DA:2,47
DA:11,24
DA:12,54
DA:13,46
DA:14,43
DA:15,57
DA:16,25
DA:17,48
DA:18,42
DA:19,37
DA:20,22
DA:21,47
DA:22,56
DA:23,19
DA:24,40
DA:25,20
DA:26,14
DA:27,29
DA:28,31
DA:29,21
DA:30,3
DA:31,4
DA:32,86
DA:33,87
DA:34,12
DA:35,24
DA:36,24
DA:37,25
DA:38,29
DA:39,28
DA:40,15
DA:41,34
DA:42,65
DA:43,63
DA:44,2
DA:46,22
DA:47,34
DA:48,64
DA:49,45
DA:50,68
DA:51,4
DA:52,49
DA:53,14
DA:54,26
DA:55,24
DA:56,82
DA:57,4
DA:59,35
DA:60,26
DA:61,12
DA:62,25
DA:63,19
DA:64,44
DA:65,9
DA:66,7
DA:67,75
DA:68,1
LF:58
LH:58
end_of_record
TN:
SF:src/views/png.ts
FNF:6
FNH:6
DA:11,53
DA:13,26
DA:14,37
DA:15,33
DA:16,14
DA:17,33
DA:18,44
DA:19,4
DA:20,21
DA:21,2
DA:22,14
DA:23,2
DA:25,9
DA:26,21
DA:27,40
DA:28,46
DA:29,2
DA:30,29
DA:33,16
DA:34,48
DA:35,36
DA:36,30
DA:37,19
DA:38,52
DA:39,54
DA:40,11
DA:44,29
DA:45,43
DA:46,85
DA:47,2
DA:49,32
DA:50,31
DA:51,32
DA:52,14
DA:53,14
DA:54,15
DA:55,15
DA:56,15
DA:59,53
DA:60,36
DA:61,41
DA:62,22
DA:63,74
DA:64,2
DA:66,26
DA:67,51
DA:68,24
DA:69,36
DA:70,34
DA:71,3
DA:74,56
DA:88,14
DA:89,68
DA:90,55
DA:91,2
DA:92,72
DA:93,16
DA:94,17
DA:95,19
DA:96,20
DA:97,20
DA:98,22
DA:99,18
DA:101,14
DA:102,34
DA:103,36
DA:104,93
DA:105,30
DA:106,91
DA:107,27
DA:108,40
DA:109,45
DA:110,36
DA:111,37
DA:112,38
DA:113,19
DA:114,33
DA:115,69
DA:116,26
DA:117,0
DA:118,5
DA:119,28
DA:120,2
DA:122,89
DA:123,81
DA:124,16
DA:125,87
DA:126,61
DA:127,1
DA:128,2
DA:129,35
DA:131,40
DA:132,34
DA:133,53
DA:134,46
DA:135,92
DA:136,2
DA:138,49
DA:139,37
DA:140,39
DA:141,36
DA:142,38
DA:143,33
DA:144,83
DA:145,38
DA:146,38
DA:147,51
DA:148,25
DA:149,16
DA:150,39
DA:151,48
DA:152,48
DA:153,59
DA:154,14
DA:156,55
DA:157,28
DA:158,35
DA:159,35
DA:160,35
DA:161,66
DA:163,25
DA:164,4
DA:165,40
DA:166,32
DA:167,39
DA:168,26
DA:169,34
DA:170,32
DA:171,4
DA:172,17
DA:173,2
DA:174,29
LF:132
LH:131
end_of_record
TN:
SF:src/views/port.ts
FNF:16
FNH:16
DA:1,104
DA:8,55
DA:9,47
DA:15,34
DA:16,46
DA:17,51
DA:19,15
DA:20,49
DA:21,19
DA:22,89
DA:23,88
DA:61,6
DA:62,6
DA:63,5
DA:64,11
DA:65,10
DA:66,6
DA:67,9
DA:68,7
DA:69,3
DA:70,12
DA:71,9
DA:72,67
DA:73,65
DA:74,4
DA:75,44
DA:76,57
DA:77,50
DA:78,18
DA:79,75
DA:80,9
DA:81,6
DA:82,6
DA:83,41
DA:84,14
DA:85,27
DA:86,14
DA:87,54
DA:88,54
DA:89,9
DA:90,12
DA:91,7
DA:92,23
DA:93,84
DA:94,4
DA:95,71
DA:96,0
DA:97,4
DA:98,74
DA:99,16
DA:100,18
DA:101,112
DA:102,1
DA:103,4
DA:104,24
DA:105,4
DA:106,25
DA:107,26
DA:108,19
DA:109,53
DA:111,83
DA:112,53
DA:113,70
DA:114,39
DA:115,47
DA:116,75
DA:117,6
DA:118,4
DA:119,4
DA:120,93
DA:121,0
DA:122,0
DA:123,0
DA:124,0
DA:125,4
DA:129,53
DA:130,41
DA:131,37
DA:132,79
DA:133,6
DA:134,37
DA:135,0
DA:136,0
DA:137,0
DA:138,0
DA:139,4
DA:140,4
DA:141,14
DA:142,15
DA:143,61
DA:144,39
DA:145,68
DA:146,90
DA:147,52
DA:148,2
DA:149,17
DA:150,71
DA:151,5
DA:152,51
DA:175,6
DA:176,6
DA:177,5
DA:178,44
DA:179,9
DA:180,7
DA:181,3
DA:182,44
DA:183,11
DA:184,61
DA:185,69
DA:186,61
DA:187,68
DA:188,26
DA:189,37
DA:190,13
DA:191,8
DA:192,19
DA:193,65
DA:194,24
DA:195,11
DA:196,44
DA:197,6
DA:198,18
DA:199,11
DA:200,18
DA:201,12
DA:202,16
DA:203,6
DA:204,10
DA:205,32
DA:206,74
DA:207,8
DA:208,60
DA:209,8
DA:210,39
DA:211,18
DA:212,43
DA:213,22
DA:214,45
DA:215,41
DA:216,40
DA:217,39
DA:218,33
DA:219,42
DA:220,35
DA:221,28
DA:222,50
DA:223,33
DA:224,48
DA:225,34
DA:226,9
DA:227,4
DA:229,6
DA:230,8
DA:231,16
DA:232,17
DA:233,22
DA:234,19
DA:235,30
DA:236,26
DA:237,28
DA:238,38
DA:239,52
DA:240,43
DA:241,59
DA:242,1
DA:243,0
DA:244,0
DA:246,2
DA:247,15
DA:248,9
DA:249,77
DA:250,75
DA:251,17
DA:252,64
DA:254,31
DA:255,86
DA:257,14
DA:258,51
DA:259,11
DA:260,95
DA:261,68
DA:262,48
DA:263,95
DA:264,0
DA:265,2
DA:267,2
DA:269,44
DA:270,6
DA:271,5
DA:272,11
DA:273,29
DA:274,5
DA:275,9
DA:276,6
DA:277,4
DA:278,33
DA:279,9
DA:286,73
DA:287,44
DA:288,14
DA:289,15
DA:290,20
DA:291,39
DA:292,31
DA:293,21
DA:294,24
DA:295,23
DA:296,1
DA:297,0
DA:298,0
LF:211
LH:197
end_of_record
TN:
SF:src/views/pose.ts
FNF:15
FNH:15
DA:61,61
DA:65,22
DA:66,38
DA:67,62
DA:68,7
DA:69,47
DA:70,53
DA:71,10
DA:76,16
DA:77,59
DA:85,21
DA:86,28
DA:87,29
DA:88,23
DA:89,29
DA:90,4
DA:92,20
DA:93,24
DA:94,18
DA:96,43
DA:97,27
DA:98,26
DA:99,37
DA:100,32
DA:101,39
DA:102,40
DA:103,90
DA:105,54
DA:106,57
DA:107,63
DA:109,58
DA:110,80
DA:112,90
DA:113,2
DA:115,68
DA:116,71
DA:121,14
DA:122,13
DA:123,42
DA:124,32
DA:125,17
DA:126,2
DA:127,8
DA:132,1
DA:133,5
DA:134,6
DA:135,4
DA:136,6
DA:137,4
DA:138,3
DA:139,3
DA:140,21
DA:141,19
DA:142,19
DA:143,20
DA:144,21
DA:145,19
DA:146,19
DA:147,20
DA:148,50
DA:149,13
DA:150,9
DA:151,9
DA:152,10
DA:153,12
DA:154,0
DA:155,0
DA:156,0
DA:157,0
DA:158,0
DA:159,2
DA:160,13
DA:161,17
DA:162,0
DA:163,0
DA:164,11
DA:165,33
DA:166,32
DA:167,41
DA:168,35
DA:170,31
DA:171,31
DA:172,31
DA:173,31
DA:174,46
DA:175,20
DA:176,20
DA:177,20
DA:178,20
DA:181,28
DA:185,19
DA:186,42
DA:187,46
DA:189,10
DA:190,0
DA:191,0
DA:192,2
DA:193,31
DA:194,45
DA:195,65
DA:196,6
DA:197,2
DA:199,22
DA:200,26
DA:201,23
DA:202,47
DA:203,24
DA:204,30
DA:206,22
DA:207,50
DA:208,24
DA:209,24
DA:210,24
DA:211,22
DA:212,11
DA:213,36
DA:214,67
DA:225,28
DA:228,25
DA:229,29
DA:230,21
DA:231,74
DA:232,4
DA:234,27
DA:235,41
DA:236,44
DA:237,27
DA:238,31
DA:239,81
DA:240,41
DA:241,64
DA:242,2
DA:244,33
DA:252,26
DA:253,81
DA:254,17
DA:255,71
DA:256,11
DA:267,17
DA:268,23
DA:269,23
DA:270,23
DA:271,23
DA:272,23
DA:273,23
DA:274,23
DA:275,23
DA:276,23
DA:277,23
DA:278,23
DA:279,23
DA:280,21
DA:281,21
DA:282,21
DA:283,21
DA:284,21
DA:285,21
DA:286,21
DA:287,21
DA:288,21
DA:289,21
DA:290,21
DA:291,21
DA:292,21
DA:293,21
DA:294,21
DA:295,21
DA:296,21
DA:297,21
DA:298,21
DA:299,21
DA:300,21
DA:301,21
DA:302,21
DA:303,21
DA:304,21
DA:305,21
DA:306,23
DA:307,23
DA:308,21
DA:309,2
DA:311,32
DA:312,30
DA:319,6
DA:320,5
DA:321,7
DA:322,8
DA:323,4
DA:324,4
DA:325,6
DA:326,11
DA:327,3
DA:328,23
DA:329,23
DA:330,20
DA:331,20
DA:332,70
DA:333,30
DA:336,42
DA:337,44
DA:338,69
DA:339,36
DA:340,27
DA:341,31
DA:342,29
DA:343,2
DA:344,2
DA:347,20
DA:348,22
DA:349,41
DA:350,44
DA:351,39
DA:352,30
DA:353,41
DA:354,52
DA:355,44
DA:356,46
DA:357,44
DA:358,44
DA:359,81
DA:360,42
DA:361,33
DA:362,37
DA:363,35
DA:364,8
DA:365,6
DA:366,4
DA:367,4
DA:368,17
DA:369,1
LF:230
LH:221
end_of_record
TN:
SF:src/views/raster.ts
FNF:20
FNH:20
DA:23,51
DA:32,27
DA:33,36
DA:34,36
DA:35,36
DA:36,36
DA:37,39
DA:38,38
DA:39,2
DA:46,40
DA:47,27
DA:48,45
DA:49,2
DA:58,37
DA:59,36
DA:70,35
DA:71,11
DA:72,89
DA:73,40
DA:74,29
DA:75,66
DA:85,11
DA:88,3
DA:89,35
DA:90,74
DA:91,12
DA:92,39
DA:93,85
DA:94,2
DA:105,18
DA:106,91
DA:125,31
DA:126,21
DA:127,26
DA:128,38
DA:132,7
DA:133,48
DA:134,43
DA:137,10
DA:138,88
DA:141,10
DA:142,47
DA:187,12
DA:190,3
DA:191,33
DA:193,18
DA:194,36
DA:195,39
DA:197,29
DA:198,21
DA:199,58
DA:200,30
DA:201,48
DA:202,48
DA:204,77
DA:205,31
DA:206,27
DA:207,57
DA:214,79
DA:215,40
DA:216,39
DA:217,32
DA:218,69
DA:219,33
DA:220,6
DA:221,0
DA:222,5
DA:225,41
DA:226,16
DA:228,26
DA:229,50
DA:230,41
DA:231,27
DA:232,31
DA:233,31
DA:234,56
DA:235,56
DA:236,57
DA:237,24
DA:238,28
DA:239,28
DA:240,40
DA:241,40
DA:242,40
DA:243,40
DA:244,40
DA:245,38
DA:246,4
DA:248,46
DA:249,36
DA:250,26
DA:251,30
DA:252,30
DA:253,26
DA:254,30
DA:255,30
DA:256,27
DA:257,31
DA:258,31
DA:259,19
DA:260,10
DA:261,33
DA:262,47
DA:263,49
DA:264,12
DA:270,28
DA:271,17
DA:272,29
DA:273,52
DA:274,58
DA:275,4
DA:276,13
DA:277,50
DA:278,46
DA:279,6
DA:281,4
DA:283,34
DA:284,57
DA:285,2
DA:286,35
DA:289,7
DA:290,26
DA:299,7
DA:300,23
DA:301,74
DA:308,6
DA:309,6
DA:310,5
DA:311,11
DA:312,3
DA:313,32
DA:314,41
DA:315,48
DA:317,46
DA:318,41
DA:319,23
DA:320,27
DA:321,25
DA:322,2
DA:323,37
DA:326,27
DA:327,61
DA:328,40
DA:329,24
DA:333,67
DA:334,67
DA:335,21
DA:336,36
DA:337,36
DA:338,32
DA:339,4
DA:342,21
DA:343,34
DA:344,61
DA:345,61
DA:346,61
DA:347,27
DA:348,64
DA:349,2
DA:350,34
DA:351,24
DA:353,58
DA:355,33
DA:356,33
DA:357,33
DA:359,28
DA:361,79
DA:362,79
DA:363,28
DA:364,46
DA:365,43
DA:366,54
DA:368,29
DA:369,61
DA:370,36
DA:373,33
DA:374,42
DA:375,46
DA:376,46
DA:377,29
DA:378,39
DA:379,39
DA:380,22
DA:381,4
DA:385,49
DA:386,63
DA:387,65
DA:388,65
DA:389,65
DA:392,72
DA:393,78
DA:394,72
DA:395,78
DA:396,48
DA:398,18
DA:399,12
DA:400,13
DA:401,12
DA:402,12
DA:403,15
DA:404,64
DA:405,50
DA:406,29
DA:408,43
DA:409,45
DA:410,29
DA:411,29
DA:412,80
DA:413,81
DA:414,31
DA:417,56
DA:421,59
DA:422,34
DA:423,47
DA:424,25
DA:425,30
DA:426,26
DA:427,30
DA:428,28
DA:429,0
DA:430,0
DA:431,0
DA:432,0
DA:433,6
DA:435,4
DA:436,2
DA:437,2
DA:439,11
DA:446,12
DA:449,3
DA:450,42
DA:451,50
DA:455,20
DA:456,17
DA:457,41
DA:458,96
DA:459,2
DA:460,30
DA:476,6
DA:477,6
DA:478,7
DA:479,3
DA:480,13
DA:481,29
DA:482,6
DA:483,15
DA:484,34
DA:485,33
DA:486,35
DA:488,17
DA:489,17
DA:490,26
DA:491,21
DA:492,50
DA:493,13
DA:496,29
DA:497,22
DA:498,4
DA:499,4
DA:500,13
LF:260
LH:255
end_of_record
TN:
SF:src/views/renderer-id.ts
FNF:1
FNH:1
DA:11,38
DA:13,6
DA:16,66
DA:17,11
DA:18,71
DA:19,34
DA:20,91
DA:21,18
DA:22,1
DA:23,9
DA:26,0
DA:27,1
DA:31,69
LF:13
LH:12
end_of_record
TN:
SF:src/views/scene-raster.ts
FNF:3
FNH:3
DA:16,31
DA:18,54
DA:23,43
DA:24,34
DA:25,41
DA:27,26
DA:28,14
DA:29,31
DA:54,29
DA:55,46
DA:56,51
DA:57,37
DA:58,2
DA:74,6
DA:75,7
DA:76,7
DA:81,3
DA:82,3
DA:83,59
DA:84,32
DA:86,32
DA:87,30
DA:88,30
DA:89,57
DA:90,0
DA:91,4
DA:92,38
DA:93,36
DA:94,17
DA:95,22
DA:96,28
DA:98,29
DA:99,20
DA:100,40
DA:101,21
DA:102,9
DA:103,50
DA:104,31
DA:105,4
DA:106,34
DA:107,61
DA:108,48
DA:109,37
DA:110,18
DA:111,2
DA:112,32
DA:114,54
DA:115,46
DA:116,47
DA:117,48
DA:118,50
DA:119,44
DA:120,31
DA:121,35
DA:122,33
DA:123,2
DA:125,45
DA:126,63
DA:127,26
DA:128,38
DA:129,40
DA:130,40
DA:131,36
DA:132,31
DA:133,46
DA:134,54
DA:135,2
DA:136,2
DA:138,92
LF:69
LH:68
end_of_record
TN:
SF:src/views/vehicle.ts
FNF:26
FNH:25
DA:2,31
DA:4,79
DA:5,59
DA:6,74
DA:59,50
DA:61,18
DA:62,7
DA:63,40
DA:64,57
DA:65,10
DA:69,19
DA:70,32
DA:71,20
DA:72,28
DA:73,45
DA:74,30
DA:75,105
DA:76,41
DA:77,44
DA:78,22
DA:79,64
DA:80,46
DA:81,48
DA:82,52
DA:83,82
DA:84,23
DA:85,4
DA:86,4
DA:87,4
DA:88,32
DA:92,15
DA:93,37
DA:94,52
DA:95,57
DA:96,46
DA:97,17
DA:98,67
DA:99,30
DA:100,28
DA:101,73
DA:102,32
DA:103,5
DA:104,25
DA:105,59
DA:106,64
DA:107,40
DA:108,30
DA:109,25
DA:110,2
DA:111,57
DA:112,32
DA:113,72
DA:114,67
DA:115,4
DA:116,24
DA:117,55
DA:118,47
DA:119,22
DA:120,21
DA:121,63
DA:122,2
DA:123,47
DA:124,19
DA:125,100
DA:126,7
DA:127,30
DA:128,43
DA:129,34
DA:130,6
DA:131,7
DA:132,30
DA:133,39
DA:134,38
DA:135,6
DA:136,44
DA:137,78
DA:138,41
DA:139,57
DA:140,19
DA:141,4
DA:142,4
DA:143,12
DA:144,21
DA:145,58
DA:146,85
DA:147,10
DA:148,14
DA:149,50
DA:150,7
DA:151,1
DA:154,16
DA:155,50
DA:158,1
DA:159,6
DA:160,7
DA:161,5
DA:162,8
DA:163,7
DA:164,6
DA:165,3
DA:166,43
DA:167,39
DA:168,41
DA:169,36
DA:170,17
DA:171,22
DA:172,53
DA:173,2
DA:174,82
DA:175,21
DA:176,57
DA:177,30
DA:178,37
DA:179,28
DA:180,36
DA:181,4
DA:182,2
DA:183,30
DA:184,14
DA:188,6
DA:189,6
DA:190,47
DA:191,3
DA:192,34
DA:193,44
DA:194,43
DA:195,9
DA:196,61
DA:197,61
DA:198,59
DA:199,3
DA:200,3
DA:201,56
DA:203,32
DA:204,39
DA:205,53
DA:206,10
DA:207,4
DA:208,28
DA:209,31
DA:210,47
DA:211,11
DA:212,10
DA:213,28
DA:214,1
DA:215,4
DA:216,33
DA:217,51
DA:218,48
DA:219,4
DA:220,45
DA:221,70
DA:222,98
DA:223,57
DA:224,23
DA:225,21
DA:227,41
DA:228,12
DA:229,4
DA:230,30
DA:231,12
DA:232,10
DA:233,11
DA:234,9
DA:235,36
DA:236,1
DA:237,4
DA:238,2
DA:239,43
DA:240,28
DA:241,88
DA:242,48
DA:243,6
DA:244,47
DA:245,39
DA:246,50
DA:247,44
DA:248,85
DA:249,4
DA:250,64
DA:251,20
DA:252,2
DA:253,31
DA:254,36
DA:255,43
DA:256,57
DA:257,47
DA:258,23
DA:259,31
DA:260,31
DA:261,31
DA:262,31
DA:263,31
DA:264,31
DA:265,31
DA:266,28
DA:267,6
DA:268,21
DA:269,13
DA:270,13
DA:271,13
DA:272,13
DA:273,13
DA:274,13
DA:275,13
DA:276,13
DA:277,13
DA:278,13
DA:279,13
DA:280,10
DA:281,6
DA:282,51
DA:283,12
DA:284,4
DA:285,35
DA:286,18
DA:287,18
DA:288,11
DA:289,9
DA:290,28
DA:291,1
DA:292,6
DA:293,4
DA:294,23
DA:295,2
DA:296,48
DA:297,34
DA:298,43
DA:299,61
DA:300,14
DA:301,9
DA:302,3
DA:303,26
DA:304,82
DA:305,3
DA:306,75
DA:307,12
DA:308,14
DA:309,9
DA:310,5
DA:311,26
DA:312,82
DA:313,3
DA:314,78
DA:315,12
DA:316,39
DA:317,26
DA:318,9
DA:319,28
DA:320,24
DA:321,8
DA:322,9
DA:323,27
DA:324,23
DA:325,8
DA:326,9
DA:327,26
DA:328,24
DA:329,8
DA:330,9
DA:331,27
DA:332,25
DA:333,8
DA:334,9
DA:335,23
DA:336,19
DA:337,8
DA:338,9
DA:339,23
DA:340,19
DA:341,5
DA:342,6
DA:343,64
DA:344,10
DA:345,4
DA:346,35
DA:347,7
DA:348,5
DA:349,17
DA:350,9
DA:351,34
DA:352,1
DA:353,6
DA:354,4
DA:355,21
DA:356,2
DA:357,14
DA:360,19
DA:361,36
DA:362,0
DA:363,0
DA:364,11
DA:365,41
DA:366,45
DA:367,35
DA:369,12
DA:370,41
DA:371,18
DA:372,18
DA:373,35
DA:374,43
DA:375,32
DA:376,27
DA:377,1
DA:380,1
DA:381,14
DA:382,12
DA:383,3
DA:384,15
DA:385,80
DA:386,27
DA:387,23
DA:388,51
DA:389,59
DA:390,15
DA:391,17
DA:392,42
DA:393,48
DA:394,32
DA:395,2
DA:400,6
DA:401,6
DA:402,8
DA:403,12
DA:404,3
DA:405,39
DA:406,54
DA:407,67
DA:408,55
DA:409,57
DA:410,92
DA:411,4
DA:412,41
DA:413,21
DA:414,49
DA:415,52
DA:416,15
DA:417,74
DA:418,14
DA:419,19
DA:420,25
DA:421,32
DA:422,86
DA:423,33
DA:424,25
DA:425,27
DA:426,21
DA:427,29
DA:428,14
DA:429,1
DA:430,1
LF:351
LH:349
end_of_record
